"../../../../../Unreal Projects/one_plus_one/Content/FirstPerson/Meshes/BaseMaterial.uasset" 0
"../../../../../Unreal Projects/one_plus_one/Content/FirstPerson/Meshes/CubeMaterialOverride.uasset" 1
"../../../../../Unreal Projects/one_plus_one/Content/FirstPerson/Textures/FirstPersonCrosshair.uasset" 2
"../../../../../Unreal Projects/one_plus_one/Content/Geometry/Meshes/CubeMaterial.uasset" 3
"../../../../../Unreal Projects/one_plus_one/Content/Geometry/Meshes/1M_Cube.uasset" 4
"../../../../../Unreal Projects/one_plus_one/Content/FirstPersonBP/Blueprints/Interfacwe/BPI_interact.uasset" 5
"../../../../../Unreal Projects/one_plus_one/Content/FirstPersonBP/Blueprints/1M_Cube.uasset" 6
"../../../../../Unreal Projects/one_plus_one/Content/Geometry/Meshes/0stGrade/Fruits/21_napa_cabbage/21_napa_cabbage_normals.uasset" 7
"../../../../../Unreal Projects/one_plus_one/Content/Geometry/Meshes/0stGrade/Fruits/21_napa_cabbage/21_napa_cabbage_albedo.uasset" 8
"../../../../../Unreal Projects/one_plus_one/Content/Geometry/Meshes/0stGrade/Fruits/21_napa_cabbage/21_napa_cabbage.uasset" 9
"../../../../../Unreal Projects/one_plus_one/Content/Geometry/Meshes/0stGrade/Fruits/21_napa_cabbage/veggies_21_napa_cabbage.uasset" 10
"../../../../../Unreal Projects/one_plus_one/Content/Geometry/Meshes/0stGrade/Fruits/veggies_21_napa_cabbage.uasset" 11
"../../../../../Unreal Projects/one_plus_one/Content/Geometry/Meshes/0stGrade/Fruits/22_beetroot/22_beetroot_normals.uasset" 12
"../../../../../Unreal Projects/one_plus_one/Content/Geometry/Meshes/0stGrade/Fruits/22_beetroot/22_beetroot_albedo.uasset" 13
"../../../../../Unreal Projects/one_plus_one/Content/Geometry/Meshes/0stGrade/Fruits/22_beetroot/22_beetroot.uasset" 14
"../../../../../Unreal Projects/one_plus_one/Content/Geometry/Meshes/0stGrade/Fruits/22_beetroot/veggies_22_beetroot.uasset" 15
"../../../../../Unreal Projects/one_plus_one/Content/Geometry/Meshes/0stGrade/Fruits/veggies_22_beetroot.uasset" 16
"../../../../../Unreal Projects/one_plus_one/Content/Geometry/Meshes/0stGrade/Fruits/23_pomegranate/23_pomegranate_normals.uasset" 17
"../../../../../Unreal Projects/one_plus_one/Content/Geometry/Meshes/0stGrade/Fruits/23_pomegranate/23_pomegranate_albedo.uasset" 18
"../../../../../Unreal Projects/one_plus_one/Content/Geometry/Meshes/0stGrade/Fruits/23_pomegranate/23_pomegranate.uasset" 19
"../../../../../Unreal Projects/one_plus_one/Content/Geometry/Meshes/0stGrade/Fruits/23_pomegranate/veggies_23_pomegranate.uasset" 20
"../../../../../Unreal Projects/one_plus_one/Content/Geometry/Meshes/0stGrade/Fruits/veggies_23_pomegranate.uasset" 21
"../../../../../Unreal Projects/one_plus_one/Content/Geometry/Meshes/0stGrade/Fruits/24_pomegranate/24_pomegranate_normals.uasset" 22
"../../../../../Unreal Projects/one_plus_one/Content/Geometry/Meshes/0stGrade/Fruits/24_pomegranate/24_pomegranate_albedo.uasset" 23
"../../../../../Unreal Projects/one_plus_one/Content/Geometry/Meshes/0stGrade/Fruits/24_pomegranate/24_pomegranate.uasset" 24
"../../../../../Unreal Projects/one_plus_one/Content/Geometry/Meshes/0stGrade/Fruits/24_pomegranate/veggies_24_pomegranate.uasset" 25
"../../../../../Unreal Projects/one_plus_one/Content/Geometry/Meshes/0stGrade/Fruits/veggies_24_pomegranate.uasset" 26
"../../../../../Unreal Projects/one_plus_one/Content/Geometry/Meshes/0stGrade/Fruits/25_grapes/25_grapes_normals.uasset" 27
"../../../../../Unreal Projects/one_plus_one/Content/Geometry/Meshes/0stGrade/Fruits/25_grapes/25_grapes_albedo.uasset" 28
"../../../../../Unreal Projects/one_plus_one/Content/Geometry/Meshes/0stGrade/Fruits/25_grapes/25_grapes.uasset" 29
"../../../../../Unreal Projects/one_plus_one/Content/Geometry/Meshes/0stGrade/Fruits/25_grapes/veggies_25_grapes.uasset" 30
"../../../../../Unreal Projects/one_plus_one/Content/Geometry/Meshes/0stGrade/Fruits/veggies_25_grapes.uasset" 31
"../../../../../Unreal Projects/one_plus_one/Content/Geometry/Meshes/0stGrade/Fruits/26_mango/26_mango_normals.uasset" 32
"../../../../../Unreal Projects/one_plus_one/Content/Geometry/Meshes/0stGrade/Fruits/26_mango/26_mango_albedo.uasset" 33
"../../../../../Unreal Projects/one_plus_one/Content/Geometry/Meshes/0stGrade/Fruits/26_mango/26_mango.uasset" 34
"../../../../../Unreal Projects/one_plus_one/Content/Geometry/Meshes/0stGrade/Fruits/26_mango/veggies_26_mango.uasset" 35
"../../../../../Unreal Projects/one_plus_one/Content/Geometry/Meshes/0stGrade/Fruits/veggies_26_mango.uasset" 36
"../../../../../Unreal Projects/one_plus_one/Content/Geometry/Meshes/0stGrade/Fruits/27_lemon/27_lemon_normals.uasset" 37
"../../../../../Unreal Projects/one_plus_one/Content/Geometry/Meshes/0stGrade/Fruits/27_lemon/27_lemon_albedo.uasset" 38
"../../../../../Unreal Projects/one_plus_one/Content/Geometry/Meshes/0stGrade/Fruits/27_lemon/27_lemon.uasset" 39
"../../../../../Unreal Projects/one_plus_one/Content/Geometry/Meshes/0stGrade/Fruits/27_lemon/veggies_27_lemon.uasset" 40
"../../../../../Unreal Projects/one_plus_one/Content/Geometry/Meshes/0stGrade/Fruits/veggies_27_lemon.uasset" 41
"../../../../../Unreal Projects/one_plus_one/Content/Geometry/Meshes/0stGrade/Fruits/28_potato/28_potato_normals.uasset" 42
"../../../../../Unreal Projects/one_plus_one/Content/Geometry/Meshes/0stGrade/Fruits/28_potato/28_potato_albedo.uasset" 43
"../../../../../Unreal Projects/one_plus_one/Content/Geometry/Meshes/0stGrade/Fruits/28_potato/28_potato.uasset" 44
"../../../../../Unreal Projects/one_plus_one/Content/Geometry/Meshes/0stGrade/Fruits/28_potato/veggies_28_potato.uasset" 45
"../../../../../Unreal Projects/one_plus_one/Content/Geometry/Meshes/0stGrade/Fruits/veggies_28_potato.uasset" 46
"../../../../../Unreal Projects/one_plus_one/Content/Geometry/Meshes/0stGrade/Fruits/29_celery/29_celery_normals.uasset" 47
"../../../../../Unreal Projects/one_plus_one/Content/Geometry/Meshes/0stGrade/Fruits/29_celery/29_celery_albedo.uasset" 48
"../../../../../Unreal Projects/one_plus_one/Content/Geometry/Meshes/0stGrade/Fruits/29_celery/29_celery.uasset" 49
"../../../../../Unreal Projects/one_plus_one/Content/Geometry/Meshes/0stGrade/Fruits/29_celery/veggies_29_celery.uasset" 50
"../../../../../Unreal Projects/one_plus_one/Content/Geometry/Meshes/0stGrade/Fruits/veggies_29_celery.uasset" 51
"../../../../../Unreal Projects/one_plus_one/Content/Geometry/Meshes/0stGrade/Fruits/30_sweet_dumpling/30_sweet_dumpling_normals.uasset" 52
"../../../../../Unreal Projects/one_plus_one/Content/Geometry/Meshes/0stGrade/Fruits/30_sweet_dumpling/30_sweet_dumpling_albedo.uasset" 53
"../../../../../Unreal Projects/one_plus_one/Content/Geometry/Meshes/0stGrade/Fruits/30_sweet_dumpling/30_sweet_dumpling.uasset" 54
"../../../../../Unreal Projects/one_plus_one/Content/Geometry/Meshes/0stGrade/Fruits/30_sweet_dumpling/veggies_30_sweet_dumpling.uasset" 55
"../../../../../Unreal Projects/one_plus_one/Content/Geometry/Meshes/0stGrade/Fruits/veggies_30_sweet_dumpling.uasset" 56
"../../../../../Unreal Projects/one_plus_one/Content/Geometry/Meshes/0stGrade/Fruits/31_pepper/31_pepper_normals.uasset" 57
"../../../../../Unreal Projects/one_plus_one/Content/Geometry/Meshes/0stGrade/Fruits/31_pepper/31_pepper_albedo.uasset" 58
"../../../../../Unreal Projects/one_plus_one/Content/Geometry/Meshes/0stGrade/Fruits/31_pepper/31_pepper.uasset" 59
"../../../../../Unreal Projects/one_plus_one/Content/Geometry/Meshes/0stGrade/Fruits/31_pepper/veggies_31_pepper.uasset" 60
"../../../../../Unreal Projects/one_plus_one/Content/Geometry/Meshes/0stGrade/Fruits/veggies_31_pepper.uasset" 61
"../../../../../Unreal Projects/one_plus_one/Content/Geometry/Meshes/0stGrade/Fruits/32_pineapple/32_pineapple_normals.uasset" 62
"../../../../../Unreal Projects/one_plus_one/Content/Geometry/Meshes/0stGrade/Fruits/32_pineapple/32_pineapple_albedo.uasset" 63
"../../../../../Unreal Projects/one_plus_one/Content/Geometry/Meshes/0stGrade/Fruits/32_pineapple/32_pineapple.uasset" 64
"../../../../../Unreal Projects/one_plus_one/Content/Geometry/Meshes/0stGrade/Fruits/32_pineapple/veggies_32_pineapple.uasset" 65
"../../../../../Unreal Projects/one_plus_one/Content/Geometry/Meshes/0stGrade/Fruits/veggies_32_pineapple.uasset" 66
"../../../../../Unreal Projects/one_plus_one/Content/Geometry/Meshes/0stGrade/Fruits/33_mandarin/33_mandarin_normals.uasset" 67
"../../../../../Unreal Projects/one_plus_one/Content/Geometry/Meshes/0stGrade/Fruits/33_mandarin/33_mandarin_albedo.uasset" 68
"../../../../../Unreal Projects/one_plus_one/Content/Geometry/Meshes/0stGrade/Fruits/33_mandarin/33_mandarin.uasset" 69
"../../../../../Unreal Projects/one_plus_one/Content/Geometry/Meshes/0stGrade/Fruits/33_mandarin/veggies_33_mandarin.uasset" 70
"../../../../../Unreal Projects/one_plus_one/Content/Geometry/Meshes/0stGrade/Fruits/veggies_33_mandarin.uasset" 71
"../../../../../Unreal Projects/one_plus_one/Content/Geometry/Meshes/0stGrade/Fruits/34_yellow_sugar_melon/34_yellow_sugar_melon_normals.uasset" 72
"../../../../../Unreal Projects/one_plus_one/Content/Geometry/Meshes/0stGrade/Fruits/34_yellow_sugar_melon/34_yellow_sugar_melon_albedo.uasset" 73
"../../../../../Unreal Projects/one_plus_one/Content/Geometry/Meshes/0stGrade/Fruits/34_yellow_sugar_melon/34_yellow_sugar_melon.uasset" 74
"../../../../../Unreal Projects/one_plus_one/Content/Geometry/Meshes/0stGrade/Fruits/34_yellow_sugar_melon/veggies_34_yellow_sugar_melon.uasset" 75
"../../../../../Unreal Projects/one_plus_one/Content/Geometry/Meshes/0stGrade/Fruits/veggies_34_yellow_sugar_melon.uasset" 76
"../../../../../Unreal Projects/one_plus_one/Content/Geometry/Meshes/0stGrade/Fruits/35_garlic/35_garlic_normals.uasset" 77
"../../../../../Unreal Projects/one_plus_one/Content/Geometry/Meshes/0stGrade/Fruits/35_garlic/35_garlic_albedo.uasset" 78
"../../../../../Unreal Projects/one_plus_one/Content/Geometry/Meshes/0stGrade/Fruits/35_garlic/35_garlic.uasset" 79
"../../../../../Unreal Projects/one_plus_one/Content/Geometry/Meshes/0stGrade/Fruits/35_garlic/veggies_35_garlic.uasset" 80
"../../../../../Unreal Projects/one_plus_one/Content/Geometry/Meshes/0stGrade/Fruits/veggies_35_garlic.uasset" 81
"../../../../../Unreal Projects/one_plus_one/Content/Geometry/Meshes/0stGrade/Fruits/36_pineapple/36_pineapple_normals.uasset" 82
"../../../../../Unreal Projects/one_plus_one/Content/Geometry/Meshes/0stGrade/Fruits/36_pineapple/36_pineapple_albedo.uasset" 83
"../../../../../Unreal Projects/one_plus_one/Content/Geometry/Meshes/0stGrade/Fruits/36_pineapple/36_pineapple.uasset" 84
"../../../../../Unreal Projects/one_plus_one/Content/Geometry/Meshes/0stGrade/Fruits/36_pineapple/veggies_36_pineapple.uasset" 85
"../../../../../Unreal Projects/one_plus_one/Content/Geometry/Meshes/0stGrade/Fruits/veggies_36_pineapple.uasset" 86
"../../../../../Unreal Projects/one_plus_one/Content/Geometry/Meshes/0stGrade/Fruits/37_garlic/37_garlic_normals.uasset" 87
"../../../../../Unreal Projects/one_plus_one/Content/Geometry/Meshes/0stGrade/Fruits/37_garlic/37_garlic_albedo.uasset" 88
"../../../../../Unreal Projects/one_plus_one/Content/Geometry/Meshes/0stGrade/Fruits/37_garlic/37_garlic.uasset" 89
"../../../../../Unreal Projects/one_plus_one/Content/Geometry/Meshes/0stGrade/Fruits/37_garlic/veggies_37_garlic.uasset" 90
"../../../../../Unreal Projects/one_plus_one/Content/Geometry/Meshes/0stGrade/Fruits/veggies_37_garlic.uasset" 91
"../../../../../Unreal Projects/one_plus_one/Content/Geometry/Meshes/0stGrade/Fruits/38_garlic/38_garlic_normals.uasset" 92
"../../../../../Unreal Projects/one_plus_one/Content/Geometry/Meshes/0stGrade/Fruits/38_garlic/38_garlic_albedo.uasset" 93
"../../../../../Unreal Projects/one_plus_one/Content/Geometry/Meshes/0stGrade/Fruits/38_garlic/38_garlic.uasset" 94
"../../../../../Unreal Projects/one_plus_one/Content/Geometry/Meshes/0stGrade/Fruits/38_garlic/veggies_38_garlic.uasset" 95
"../../../../../Unreal Projects/one_plus_one/Content/Geometry/Meshes/0stGrade/Fruits/veggies_38_garlic.uasset" 96
"../../../../../Unreal Projects/one_plus_one/Content/Geometry/Meshes/0stGrade/Fruits/39_grapefruit/39_grapefruit_normals.uasset" 97
"../../../../../Unreal Projects/one_plus_one/Content/Geometry/Meshes/0stGrade/Fruits/39_grapefruit/39_grapefruit_albedo.uasset" 98
"../../../../../Unreal Projects/one_plus_one/Content/Geometry/Meshes/0stGrade/Fruits/39_grapefruit/39_grapefruit.uasset" 99
"../../../../../Unreal Projects/one_plus_one/Content/Geometry/Meshes/0stGrade/Fruits/39_grapefruit/veggies_39_grapefruit.uasset" 100
"../../../../../Unreal Projects/one_plus_one/Content/Geometry/Meshes/0stGrade/Fruits/veggies_39_grapefruit.uasset" 101
"../../../../../Unreal Projects/one_plus_one/Content/Geometry/Meshes/0stGrade/Fruits/40_kiwano/40_kiwano_normals.uasset" 102
"../../../../../Unreal Projects/one_plus_one/Content/Geometry/Meshes/0stGrade/Fruits/40_kiwano/40_kiwano_albedo.uasset" 103
"../../../../../Unreal Projects/one_plus_one/Content/Geometry/Meshes/0stGrade/Fruits/40_kiwano/40_kiwano.uasset" 104
"../../../../../Unreal Projects/one_plus_one/Content/Geometry/Meshes/0stGrade/Fruits/40_kiwano/veggies_40_kiwano.uasset" 105
"../../../../../Unreal Projects/one_plus_one/Content/Geometry/Meshes/0stGrade/Fruits/veggies_40_kiwano.uasset" 106
"../../../../../Unreal Projects/one_plus_one/Content/Geometry/Meshes/0stGrade/Fruits/41_papaya/41_papaya_normals.uasset" 107
"../../../../../Unreal Projects/one_plus_one/Content/Geometry/Meshes/0stGrade/Fruits/41_papaya/41_papaya_albedo.uasset" 108
"../../../../../Unreal Projects/one_plus_one/Content/Geometry/Meshes/0stGrade/Fruits/41_papaya/41_papaya.uasset" 109
"../../../../../Unreal Projects/one_plus_one/Content/Geometry/Meshes/0stGrade/Fruits/41_papaya/veggies_41_papaya.uasset" 110
"../../../../../Unreal Projects/one_plus_one/Content/Geometry/Meshes/0stGrade/Fruits/veggies_41_papaya.uasset" 111
"../../../../../Unreal Projects/one_plus_one/Content/Geometry/Meshes/0stGrade/Fruits/42_potato/42_potato_normals.uasset" 112
"../../../../../Unreal Projects/one_plus_one/Content/Geometry/Meshes/0stGrade/Fruits/42_potato/42_potato_albedo.uasset" 113
"../../../../../Unreal Projects/one_plus_one/Content/Geometry/Meshes/0stGrade/Fruits/42_potato/42_potato.uasset" 114
"../../../../../Unreal Projects/one_plus_one/Content/Geometry/Meshes/0stGrade/Fruits/42_potato/veggies_42_potato.uasset" 115
"../../../../../Unreal Projects/one_plus_one/Content/Geometry/Meshes/0stGrade/Fruits/veggies_42_potato.uasset" 116
"../../../../../Unreal Projects/one_plus_one/Content/Geometry/Meshes/0stGrade/Fruits/43_kiwi/43_kiwi_normals.uasset" 117
"../../../../../Unreal Projects/one_plus_one/Content/Geometry/Meshes/0stGrade/Fruits/43_kiwi/43_kiwi_albedo.uasset" 118
"../../../../../Unreal Projects/one_plus_one/Content/Geometry/Meshes/0stGrade/Fruits/43_kiwi/43_kiwi.uasset" 119
"../../../../../Unreal Projects/one_plus_one/Content/Geometry/Meshes/0stGrade/Fruits/43_kiwi/veggies_43_kiwi.uasset" 120
"../../../../../Unreal Projects/one_plus_one/Content/Geometry/Meshes/0stGrade/Fruits/veggies_43_kiwi.uasset" 121
"../../../../../Unreal Projects/one_plus_one/Content/Geometry/Meshes/0stGrade/Fruits/44_mango/44_mango_normals.uasset" 122
"../../../../../Unreal Projects/one_plus_one/Content/Geometry/Meshes/0stGrade/Fruits/44_mango/44_mango_albedo.uasset" 123
"../../../../../Unreal Projects/one_plus_one/Content/Geometry/Meshes/0stGrade/Fruits/44_mango/44_mango.uasset" 124
"../../../../../Unreal Projects/one_plus_one/Content/Geometry/Meshes/0stGrade/Fruits/44_mango/veggies_44_mango.uasset" 125
"../../../../../Unreal Projects/one_plus_one/Content/Geometry/Meshes/0stGrade/Fruits/veggies_44_mango.uasset" 126
"../../../../../Unreal Projects/one_plus_one/Content/Geometry/Meshes/0stGrade/Fruits/45_radish/45_radish_normals.uasset" 127
"../../../../../Unreal Projects/one_plus_one/Content/Geometry/Meshes/0stGrade/Fruits/45_radish/45_radish_albedo.uasset" 128
"../../../../../Unreal Projects/one_plus_one/Content/Geometry/Meshes/0stGrade/Fruits/45_radish/45_radish.uasset" 129
"../../../../../Unreal Projects/one_plus_one/Content/Geometry/Meshes/0stGrade/Fruits/45_radish/veggies_45_radish.uasset" 130
"../../../../../Unreal Projects/one_plus_one/Content/Geometry/Meshes/0stGrade/Fruits/veggies_45_radish.uasset" 131
"../../../../../Unreal Projects/one_plus_one/Content/Geometry/Meshes/0stGrade/Fruits/46_melon/46_melon_normals.uasset" 132
"../../../../../Unreal Projects/one_plus_one/Content/Geometry/Meshes/0stGrade/Fruits/46_melon/46_melon_albedo.uasset" 133
"../../../../../Unreal Projects/one_plus_one/Content/Geometry/Meshes/0stGrade/Fruits/46_melon/46_melon.uasset" 134
"../../../../../Unreal Projects/one_plus_one/Content/Geometry/Meshes/0stGrade/Fruits/46_melon/veggies_46_melon.uasset" 135
"../../../../../Unreal Projects/one_plus_one/Content/Geometry/Meshes/0stGrade/Fruits/veggies_46_melon.uasset" 136
"../../../../../Unreal Projects/one_plus_one/Content/Geometry/Meshes/0stGrade/Fruits/47_kiwano/47_kiwano_normals.uasset" 137
"../../../../../Unreal Projects/one_plus_one/Content/Geometry/Meshes/0stGrade/Fruits/47_kiwano/47_kiwano_albedo.uasset" 138
"../../../../../Unreal Projects/one_plus_one/Content/Geometry/Meshes/0stGrade/Fruits/47_kiwano/47_kiwano.uasset" 139
"../../../../../Unreal Projects/one_plus_one/Content/Geometry/Meshes/0stGrade/Fruits/47_kiwano/veggies_47_kiwano.uasset" 140
"../../../../../Unreal Projects/one_plus_one/Content/Geometry/Meshes/0stGrade/Fruits/veggies_47_kiwano.uasset" 141
"../../../../../Unreal Projects/one_plus_one/Content/Geometry/Meshes/0stGrade/Fruits/48_parsnip/48_parsnip_normals.uasset" 142
"../../../../../Unreal Projects/one_plus_one/Content/Geometry/Meshes/0stGrade/Fruits/48_parsnip/48_parsnip_albedo.uasset" 143
"../../../../../Unreal Projects/one_plus_one/Content/Geometry/Meshes/0stGrade/Fruits/48_parsnip/48_parsnip.uasset" 144
"../../../../../Unreal Projects/one_plus_one/Content/Geometry/Meshes/0stGrade/Fruits/48_parsnip/veggies_48_parsnip.uasset" 145
"../../../../../Unreal Projects/one_plus_one/Content/Geometry/Meshes/0stGrade/Fruits/veggies_48_parsnip.uasset" 146
"../../../../../Unreal Projects/one_plus_one/Content/Geometry/Meshes/0stGrade/Fruits/49_broccoli/49_broccoli_normals.uasset" 147
"../../../../../Unreal Projects/one_plus_one/Content/Geometry/Meshes/0stGrade/Fruits/49_broccoli/49_broccoli_albedo.uasset" 148
"../../../../../Unreal Projects/one_plus_one/Content/Geometry/Meshes/0stGrade/Fruits/49_broccoli/49_broccoli.uasset" 149
"../../../../../Unreal Projects/one_plus_one/Content/Geometry/Meshes/0stGrade/Fruits/49_broccoli/veggies_49_broccoli.uasset" 150
"../../../../../Unreal Projects/one_plus_one/Content/Geometry/Meshes/0stGrade/Fruits/veggies_49_broccoli.uasset" 151
"../../../../../Unreal Projects/one_plus_one/Content/Geometry/Meshes/0stGrade/Fruits/50_cabbage/50_cabbage_normals.uasset" 152
"../../../../../Unreal Projects/one_plus_one/Content/Geometry/Meshes/0stGrade/Fruits/50_cabbage/50_cabbage_albedo.uasset" 153
"../../../../../Unreal Projects/one_plus_one/Content/Geometry/Meshes/0stGrade/Fruits/50_cabbage/50_cabbage.uasset" 154
"../../../../../Unreal Projects/one_plus_one/Content/Geometry/Meshes/0stGrade/Fruits/50_cabbage/veggies_50_cabbage.uasset" 155
"../../../../../Unreal Projects/one_plus_one/Content/Geometry/Meshes/0stGrade/Fruits/veggies_50_cabbage.uasset" 156
"../../../../../Unreal Projects/one_plus_one/Content/Geometry/Meshes/0stGrade/Fruits/51_pomegranate/51_pomegranate_normals.uasset" 157
"../../../../../Unreal Projects/one_plus_one/Content/Geometry/Meshes/0stGrade/Fruits/51_pomegranate/51_pomegranate_albedo.uasset" 158
"../../../../../Unreal Projects/one_plus_one/Content/Geometry/Meshes/0stGrade/Fruits/51_pomegranate/51_pomegranate.uasset" 159
"../../../../../Unreal Projects/one_plus_one/Content/Geometry/Meshes/0stGrade/Fruits/51_pomegranate/veggies_51_pomegranate.uasset" 160
"../../../../../Unreal Projects/one_plus_one/Content/Geometry/Meshes/0stGrade/Fruits/veggies_51_pomegranate.uasset" 161
"../../../../../Unreal Projects/one_plus_one/Content/Geometry/Meshes/0stGrade/Fruits/52_pumpkin/52_pumpkin_normals.uasset" 162
"../../../../../Unreal Projects/one_plus_one/Content/Geometry/Meshes/0stGrade/Fruits/52_pumpkin/52_pumpkin_albedo.uasset" 163
"../../../../../Unreal Projects/one_plus_one/Content/Geometry/Meshes/0stGrade/Fruits/52_pumpkin/52_pumpkin.uasset" 164
"../../../../../Unreal Projects/one_plus_one/Content/Geometry/Meshes/0stGrade/Fruits/52_pumpkin/veggies_52_pumpkin.uasset" 165
"../../../../../Unreal Projects/one_plus_one/Content/Geometry/Meshes/0stGrade/Fruits/veggies_52_pumpkin.uasset" 166
"../../../../../Unreal Projects/one_plus_one/Content/Geometry/Meshes/0stGrade/Fruits/53_potato/53_potato_normals.uasset" 167
"../../../../../Unreal Projects/one_plus_one/Content/Geometry/Meshes/0stGrade/Fruits/53_potato/53_potato_albedo.uasset" 168
"../../../../../Unreal Projects/one_plus_one/Content/Geometry/Meshes/0stGrade/Fruits/53_potato/53_potato.uasset" 169
"../../../../../Unreal Projects/one_plus_one/Content/Geometry/Meshes/0stGrade/Fruits/53_potato/veggies_53_potato.uasset" 170
"../../../../../Unreal Projects/one_plus_one/Content/Geometry/Meshes/0stGrade/Fruits/veggies_53_potato.uasset" 171
"../../../../../Unreal Projects/one_plus_one/Content/Geometry/Meshes/0stGrade/Fruits/54_kiwano/54_kiwano_normals.uasset" 172
"../../../../../Unreal Projects/one_plus_one/Content/Geometry/Meshes/0stGrade/Fruits/54_kiwano/54_kiwano_albedo.uasset" 173
"../../../../../Unreal Projects/one_plus_one/Content/Geometry/Meshes/0stGrade/Fruits/54_kiwano/54_kiwano.uasset" 174
"../../../../../Unreal Projects/one_plus_one/Content/Geometry/Meshes/0stGrade/Fruits/54_kiwano/veggies_54_kiwano.uasset" 175
"../../../../../Unreal Projects/one_plus_one/Content/Geometry/Meshes/0stGrade/Fruits/veggies_54_kiwano.uasset" 176
"../../../../../Unreal Projects/one_plus_one/Content/Geometry/Meshes/0stGrade/Fruits/56_pineapple/56_pineapple_normals.uasset" 177
"../../../../../Unreal Projects/one_plus_one/Content/Geometry/Meshes/0stGrade/Fruits/56_pineapple/56_pineapple_albedo.uasset" 178
"../../../../../Unreal Projects/one_plus_one/Content/Geometry/Meshes/0stGrade/Fruits/56_pineapple/56_pineapple.uasset" 179
"../../../../../Unreal Projects/one_plus_one/Content/Geometry/Meshes/0stGrade/Fruits/56_pineapple/veggies_56_pineapple.uasset" 180
"../../../../../Unreal Projects/one_plus_one/Content/Geometry/Meshes/0stGrade/Fruits/veggies_56_pineapple.uasset" 181
"../../../../../Unreal Projects/one_plus_one/Content/Geometry/Meshes/0stGrade/Fruits/58_orange/58_orange_normals.uasset" 182
"../../../../../Unreal Projects/one_plus_one/Content/Geometry/Meshes/0stGrade/Fruits/58_orange/58_orange_albedo.uasset" 183
"../../../../../Unreal Projects/one_plus_one/Content/Geometry/Meshes/0stGrade/Fruits/58_orange/58_orange.uasset" 184
"../../../../../Unreal Projects/one_plus_one/Content/Geometry/Meshes/0stGrade/Fruits/58_orange/veggies_58_orange.uasset" 185
"../../../../../Unreal Projects/one_plus_one/Content/Geometry/Meshes/0stGrade/Fruits/veggies_58_orange.uasset" 186
"../../../../../Unreal Projects/one_plus_one/Content/Geometry/Meshes/0stGrade/Fruits/59_hokaido_pumpkin/59_hokaido_pumpkin_normals.uasset" 187
"../../../../../Unreal Projects/one_plus_one/Content/Geometry/Meshes/0stGrade/Fruits/59_hokaido_pumpkin/59_hokaido_pumpkin_albedo.uasset" 188
"../../../../../Unreal Projects/one_plus_one/Content/Geometry/Meshes/0stGrade/Fruits/59_hokaido_pumpkin/59_hokaido_pumpkin.uasset" 189
"../../../../../Unreal Projects/one_plus_one/Content/Geometry/Meshes/0stGrade/Fruits/59_hokaido_pumpkin/veggies_59_hokaido_pumpkin.uasset" 190
"../../../../../Unreal Projects/one_plus_one/Content/Geometry/Meshes/0stGrade/Fruits/veggies_59_hokaido_pumpkin.uasset" 191
"../../../../../Unreal Projects/one_plus_one/Content/Geometry/Meshes/0stGrade/Fruits/60_pumpkin/60_pumpkin_normals.uasset" 192
"../../../../../Unreal Projects/one_plus_one/Content/Geometry/Meshes/0stGrade/Fruits/60_pumpkin/60_pumpkin_albedo.uasset" 193
"../../../../../Unreal Projects/one_plus_one/Content/Geometry/Meshes/0stGrade/Fruits/60_pumpkin/60_pumpkin.uasset" 194
"../../../../../Unreal Projects/one_plus_one/Content/Geometry/Meshes/0stGrade/Fruits/60_pumpkin/veggies_60_pumpkin.uasset" 195
"../../../../../Unreal Projects/one_plus_one/Content/Geometry/Meshes/0stGrade/Fruits/veggies_60_pumpkin.uasset" 196
"../../../../../Unreal Projects/one_plus_one/Content/Geometry/Meshes/0stGrade/Fruits/61_kohlrabi/61_kohlrabi_normals.uasset" 197
"../../../../../Unreal Projects/one_plus_one/Content/Geometry/Meshes/0stGrade/Fruits/61_kohlrabi/61_kohlrabi_albedo.uasset" 198
"../../../../../Unreal Projects/one_plus_one/Content/Geometry/Meshes/0stGrade/Fruits/61_kohlrabi/61_kohlrabi.uasset" 199
"../../../../../Unreal Projects/one_plus_one/Content/Geometry/Meshes/0stGrade/Fruits/61_kohlrabi/veggies_61_kohlrabi.uasset" 200
"../../../../../Unreal Projects/one_plus_one/Content/Geometry/Meshes/0stGrade/Fruits/veggies_61_kohlrabi.uasset" 201
"../../../../../Unreal Projects/one_plus_one/Content/Geometry/Meshes/0stGrade/Fruits/63_pineapple/63_pineapple_normals.uasset" 202
"../../../../../Unreal Projects/one_plus_one/Content/Geometry/Meshes/0stGrade/Fruits/63_pineapple/63_pineapple_albedo.uasset" 203
"../../../../../Unreal Projects/one_plus_one/Content/Geometry/Meshes/0stGrade/Fruits/63_pineapple/63_pineapple.uasset" 204
"../../../../../Unreal Projects/one_plus_one/Content/Geometry/Meshes/0stGrade/Fruits/63_pineapple/veggies_63_pineapple.uasset" 205
"../../../../../Unreal Projects/one_plus_one/Content/Geometry/Meshes/0stGrade/Fruits/veggies_63_pineapple.uasset" 206
"../../../../../Unreal Projects/one_plus_one/Content/Geometry/Meshes/0stGrade/Fruits/64_pineapple/64_pineapple_normals.uasset" 207
"../../../../../Unreal Projects/one_plus_one/Content/Geometry/Meshes/0stGrade/Fruits/64_pineapple/64_pineapple_albedo.uasset" 208
"../../../../../Unreal Projects/one_plus_one/Content/Geometry/Meshes/0stGrade/Fruits/64_pineapple/64_pineapple.uasset" 209
"../../../../../Unreal Projects/one_plus_one/Content/Geometry/Meshes/0stGrade/Fruits/64_pineapple/veggies_64_pineapple.uasset" 210
"../../../../../Unreal Projects/one_plus_one/Content/Geometry/Meshes/0stGrade/Fruits/veggies_64_pineapple.uasset" 211
"../../../../../Unreal Projects/one_plus_one/Content/Geometry/Meshes/0stGrade/Fruits/65_pumpkin/65_pumpkin_normals.uasset" 212
"../../../../../Unreal Projects/one_plus_one/Content/Geometry/Meshes/0stGrade/Fruits/65_pumpkin/65_pumpkin_albedo.uasset" 213
"../../../../../Unreal Projects/one_plus_one/Content/Geometry/Meshes/0stGrade/Fruits/65_pumpkin/65_pumpkin.uasset" 214
"../../../../../Unreal Projects/one_plus_one/Content/Geometry/Meshes/0stGrade/Fruits/65_pumpkin/veggies_65_pumpkin.uasset" 215
"../../../../../Unreal Projects/one_plus_one/Content/Geometry/Meshes/0stGrade/Fruits/veggies_65_pumpkin.uasset" 216
"../../../../../Unreal Projects/one_plus_one/Content/Geometry/Meshes/0stGrade/Fruits/66_pumpkin/66_pumpkin_normals.uasset" 217
"../../../../../Unreal Projects/one_plus_one/Content/Geometry/Meshes/0stGrade/Fruits/66_pumpkin/66_pumpkin_albedo.uasset" 218
"../../../../../Unreal Projects/one_plus_one/Content/Geometry/Meshes/0stGrade/Fruits/66_pumpkin/66_pumpkin.uasset" 219
"../../../../../Unreal Projects/one_plus_one/Content/Geometry/Meshes/0stGrade/Fruits/66_pumpkin/veggies_66_pumpkin.uasset" 220
"../../../../../Unreal Projects/one_plus_one/Content/Geometry/Meshes/0stGrade/Fruits/veggies_66_pumpkin.uasset" 221
"../../../../../Unreal Projects/one_plus_one/Content/Geometry/Meshes/0stGrade/Fruits/67_pomegranate/67_pomegranate_normals.uasset" 222
"../../../../../Unreal Projects/one_plus_one/Content/Geometry/Meshes/0stGrade/Fruits/67_pomegranate/67_pomegranate_albedo.uasset" 223
"../../../../../Unreal Projects/one_plus_one/Content/Geometry/Meshes/0stGrade/Fruits/67_pomegranate/67_pomegranate.uasset" 224
"../../../../../Unreal Projects/one_plus_one/Content/Geometry/Meshes/0stGrade/Fruits/67_pomegranate/veggies_67_pomegranate.uasset" 225
"../../../../../Unreal Projects/one_plus_one/Content/Geometry/Meshes/0stGrade/Fruits/veggies_67_pomegranate.uasset" 226
"../../../../../Unreal Projects/one_plus_one/Content/Geometry/Meshes/0stGrade/Fruits/68_hokaido_pumpkin/68_hokaido_pumpkin_normals.uasset" 227
"../../../../../Unreal Projects/one_plus_one/Content/Geometry/Meshes/0stGrade/Fruits/68_hokaido_pumpkin/68_hokaido_pumpkin_albedo.uasset" 228
"../../../../../Unreal Projects/one_plus_one/Content/Geometry/Meshes/0stGrade/Fruits/68_hokaido_pumpkin/68_hokaido_pumpkin.uasset" 229
"../../../../../Unreal Projects/one_plus_one/Content/Geometry/Meshes/0stGrade/Fruits/68_hokaido_pumpkin/veggies_68_hokaido_pumpkin.uasset" 230
"../../../../../Unreal Projects/one_plus_one/Content/Geometry/Meshes/0stGrade/Fruits/veggies_68_hokaido_pumpkin.uasset" 231
"../../../../../Unreal Projects/one_plus_one/Content/Geometry/Meshes/0stGrade/Fruits/69_broccoli/69_broccoli_normals.uasset" 232
"../../../../../Unreal Projects/one_plus_one/Content/Geometry/Meshes/0stGrade/Fruits/69_broccoli/69_broccoli_albedo.uasset" 233
"../../../../../Unreal Projects/one_plus_one/Content/Geometry/Meshes/0stGrade/Fruits/69_broccoli/69_broccoli.uasset" 234
"../../../../../Unreal Projects/one_plus_one/Content/Geometry/Meshes/0stGrade/Fruits/69_broccoli/veggies_69_broccoli.uasset" 235
"../../../../../Unreal Projects/one_plus_one/Content/Geometry/Meshes/0stGrade/Fruits/veggies_69_broccoli.uasset" 236
"../../../../../Unreal Projects/one_plus_one/Content/Geometry/Meshes/0stGrade/Fruits/70_kiwano/70_kiwano_normals.uasset" 237
"../../../../../Unreal Projects/one_plus_one/Content/Geometry/Meshes/0stGrade/Fruits/70_kiwano/70_kiwano_albedo.uasset" 238
"../../../../../Unreal Projects/one_plus_one/Content/Geometry/Meshes/0stGrade/Fruits/70_kiwano/70_kiwano.uasset" 239
"../../../../../Unreal Projects/one_plus_one/Content/Geometry/Meshes/0stGrade/Fruits/70_kiwano/veggies_70_kiwano.uasset" 240
"../../../../../Unreal Projects/one_plus_one/Content/Geometry/Meshes/0stGrade/Fruits/veggies_70_kiwano.uasset" 241
"../../../../../Unreal Projects/one_plus_one/Content/Geometry/Meshes/0stGrade/Fruits/71_peach/71_peach_normals.uasset" 242
"../../../../../Unreal Projects/one_plus_one/Content/Geometry/Meshes/0stGrade/Fruits/71_peach/71_peach_albedo.uasset" 243
"../../../../../Unreal Projects/one_plus_one/Content/Geometry/Meshes/0stGrade/Fruits/71_peach/71_peach.uasset" 244
"../../../../../Unreal Projects/one_plus_one/Content/Geometry/Meshes/0stGrade/Fruits/71_peach/veggies_71_peach.uasset" 245
"../../../../../Unreal Projects/one_plus_one/Content/Geometry/Meshes/0stGrade/Fruits/veggies_71_peach.uasset" 246
"../../../../../Unreal Projects/one_plus_one/Content/Geometry/Meshes/0stGrade/Fruits/72_orange/72_orange_normals.uasset" 247
"../../../../../Unreal Projects/one_plus_one/Content/Geometry/Meshes/0stGrade/Fruits/72_orange/72_orange_albedo.uasset" 248
"../../../../../Unreal Projects/one_plus_one/Content/Geometry/Meshes/0stGrade/Fruits/72_orange/72_orange.uasset" 249
"../../../../../Unreal Projects/one_plus_one/Content/Geometry/Meshes/0stGrade/Fruits/72_orange/veggies_72_orange.uasset" 250
"../../../../../Unreal Projects/one_plus_one/Content/Geometry/Meshes/0stGrade/Fruits/veggies_72_orange.uasset" 251
"../../../../../Unreal Projects/one_plus_one/Content/Geometry/Meshes/0stGrade/Fruits/73_strawberry/73_strawberry_normals.uasset" 252
"../../../../../Unreal Projects/one_plus_one/Content/Geometry/Meshes/0stGrade/Fruits/73_strawberry/73_strawberry_albedo.uasset" 253
"../../../../../Unreal Projects/one_plus_one/Content/Geometry/Meshes/0stGrade/Fruits/73_strawberry/73_strawberry.uasset" 254
"../../../../../Unreal Projects/one_plus_one/Content/Geometry/Meshes/0stGrade/Fruits/73_strawberry/veggies_73_strawberry.uasset" 255
"../../../../../Unreal Projects/one_plus_one/Content/Geometry/Meshes/0stGrade/Fruits/veggies_73_strawberry.uasset" 256
"../../../../../Unreal Projects/one_plus_one/Content/Geometry/Meshes/0stGrade/Fruits/74_mandarine/74_mandarine_normals.uasset" 257
"../../../../../Unreal Projects/one_plus_one/Content/Geometry/Meshes/0stGrade/Fruits/74_mandarine/74_mandarine_albedo.uasset" 258
"../../../../../Unreal Projects/one_plus_one/Content/Geometry/Meshes/0stGrade/Fruits/74_mandarine/74_mandarine.uasset" 259
"../../../../../Unreal Projects/one_plus_one/Content/Geometry/Meshes/0stGrade/Fruits/74_mandarine/veggies_74_mandarine.uasset" 260
"../../../../../Unreal Projects/one_plus_one/Content/Geometry/Meshes/0stGrade/Fruits/veggies_74_mandarine.uasset" 261
"../../../../../Unreal Projects/one_plus_one/Content/Geometry/Meshes/0stGrade/Fruits/75_radicchio/75_radicchio_normals.uasset" 262
"../../../../../Unreal Projects/one_plus_one/Content/Geometry/Meshes/0stGrade/Fruits/75_radicchio/75_radicchio_albedo.uasset" 263
"../../../../../Unreal Projects/one_plus_one/Content/Geometry/Meshes/0stGrade/Fruits/75_radicchio/75_radicchio.uasset" 264
"../../../../../Unreal Projects/one_plus_one/Content/Geometry/Meshes/0stGrade/Fruits/75_radicchio/veggies_75_radicchio.uasset" 265
"../../../../../Unreal Projects/one_plus_one/Content/Geometry/Meshes/0stGrade/Fruits/veggies_75_radicchio.uasset" 266
"../../../../../Unreal Projects/one_plus_one/Content/Geometry/Meshes/0stGrade/Fruits/76_fig/76_fig_normals.uasset" 267
"../../../../../Unreal Projects/one_plus_one/Content/Geometry/Meshes/0stGrade/Fruits/76_fig/76_fig_albedo.uasset" 268
"../../../../../Unreal Projects/one_plus_one/Content/Geometry/Meshes/0stGrade/Fruits/76_fig/76_fig.uasset" 269
"../../../../../Unreal Projects/one_plus_one/Content/Geometry/Meshes/0stGrade/Fruits/76_fig/veggies_76_fig.uasset" 270
"../../../../../Unreal Projects/one_plus_one/Content/Geometry/Meshes/0stGrade/Fruits/veggies_76_fig.uasset" 271
"../../../../../Unreal Projects/one_plus_one/Content/Geometry/Meshes/0stGrade/Fruits/77_turnip/77_turnip_normals.uasset" 272
"../../../../../Unreal Projects/one_plus_one/Content/Geometry/Meshes/0stGrade/Fruits/77_turnip/77_turnip_albedo.uasset" 273
"../../../../../Unreal Projects/one_plus_one/Content/Geometry/Meshes/0stGrade/Fruits/77_turnip/77_turnip.uasset" 274
"../../../../../Unreal Projects/one_plus_one/Content/Geometry/Meshes/0stGrade/Fruits/77_turnip/veggies_77_turnip.uasset" 275
"../../../../../Unreal Projects/one_plus_one/Content/Geometry/Meshes/0stGrade/Fruits/veggies_77_turnip.uasset" 276
"../../../../../Unreal Projects/one_plus_one/Content/Geometry/Meshes/0stGrade/Fruits/78_calabaza/78_calabaza_normals.uasset" 277
"../../../../../Unreal Projects/one_plus_one/Content/Geometry/Meshes/0stGrade/Fruits/78_calabaza/78_calabaza_albedo.uasset" 278
"../../../../../Unreal Projects/one_plus_one/Content/Geometry/Meshes/0stGrade/Fruits/78_calabaza/78_calabaza.uasset" 279
"../../../../../Unreal Projects/one_plus_one/Content/Geometry/Meshes/0stGrade/Fruits/78_calabaza/veggies_78_calabaza.uasset" 280
"../../../../../Unreal Projects/one_plus_one/Content/Geometry/Meshes/0stGrade/Fruits/veggies_78_calabaza.uasset" 281
"../../../../../Unreal Projects/one_plus_one/Content/Geometry/Meshes/0stGrade/Fruits/79_pepper/79_pepper_normals.uasset" 282
"../../../../../Unreal Projects/one_plus_one/Content/Geometry/Meshes/0stGrade/Fruits/79_pepper/79_pepper_albedo.uasset" 283
"../../../../../Unreal Projects/one_plus_one/Content/Geometry/Meshes/0stGrade/Fruits/79_pepper/79_pepper.uasset" 284
"../../../../../Unreal Projects/one_plus_one/Content/Geometry/Meshes/0stGrade/Fruits/79_pepper/veggies_79_pepper.uasset" 285
"../../../../../Unreal Projects/one_plus_one/Content/Geometry/Meshes/0stGrade/Fruits/veggies_79_pepper.uasset" 286
"../../../../../Unreal Projects/one_plus_one/Content/Geometry/Meshes/0stGrade/Fruits/80_pineapple/80_pineapple_normals.uasset" 287
"../../../../../Unreal Projects/one_plus_one/Content/Geometry/Meshes/0stGrade/Fruits/80_pineapple/80_pineapple_albedo.uasset" 288
"../../../../../Unreal Projects/one_plus_one/Content/Geometry/Meshes/0stGrade/Fruits/80_pineapple/80_pineapple.uasset" 289
"../../../../../Unreal Projects/one_plus_one/Content/Geometry/Meshes/0stGrade/Fruits/80_pineapple/veggies_80_pineapple.uasset" 290
"../../../../../Unreal Projects/one_plus_one/Content/Geometry/Meshes/0stGrade/Fruits/veggies_80_pineapple.uasset" 291
"../../../../../Unreal Projects/one_plus_one/Content/Geometry/Meshes/0stGrade/Fruits/apple01_lr/apple01_lr_normals.uasset" 292
"../../../../../Unreal Projects/one_plus_one/Content/Geometry/Meshes/0stGrade/Fruits/apple01_lr/apple01_lr_albedo.uasset" 293
"../../../../../Unreal Projects/one_plus_one/Content/Geometry/Meshes/0stGrade/Fruits/apple01_lr/apple01_lr.uasset" 294
"../../../../../Unreal Projects/one_plus_one/Content/Geometry/Meshes/0stGrade/Fruits/apple01_lr/veggies_apple01_lr.uasset" 295
"../../../../../Unreal Projects/one_plus_one/Content/Geometry/Meshes/0stGrade/Fruits/veggies_apple01_lr.uasset" 296
"../../../../../Unreal Projects/one_plus_one/Content/Geometry/Meshes/0stGrade/Fruits/apple02_lr/apple02_lr_normals.uasset" 297
"../../../../../Unreal Projects/one_plus_one/Content/Geometry/Meshes/0stGrade/Fruits/apple02_lr/apple02_lr_albedo.uasset" 298
"../../../../../Unreal Projects/one_plus_one/Content/Geometry/Meshes/0stGrade/Fruits/apple02_lr/apple02_lr.uasset" 299
"../../../../../Unreal Projects/one_plus_one/Content/Geometry/Meshes/0stGrade/Fruits/apple02_lr/veggies_apple02_lr.uasset" 300
"../../../../../Unreal Projects/one_plus_one/Content/Geometry/Meshes/0stGrade/Fruits/veggies_apple02_lr.uasset" 301
"../../../../../Unreal Projects/one_plus_one/Content/Geometry/Meshes/0stGrade/Fruits/apple03_lr/apple03_lr_normals.uasset" 302
"../../../../../Unreal Projects/one_plus_one/Content/Geometry/Meshes/0stGrade/Fruits/apple03_lr/apple03_lr_albedo.uasset" 303
"../../../../../Unreal Projects/one_plus_one/Content/Geometry/Meshes/0stGrade/Fruits/apple03_lr/apple03_lr.uasset" 304
"../../../../../Unreal Projects/one_plus_one/Content/Geometry/Meshes/0stGrade/Fruits/apple03_lr/veggies_apple03_lr.uasset" 305
"../../../../../Unreal Projects/one_plus_one/Content/Geometry/Meshes/0stGrade/Fruits/veggies_apple03_lr.uasset" 306
"../../../../../Unreal Projects/one_plus_one/Content/Geometry/Meshes/0stGrade/Fruits/apple04_lr/apple04_lr_normals.uasset" 307
"../../../../../Unreal Projects/one_plus_one/Content/Geometry/Meshes/0stGrade/Fruits/apple04_lr/apple04_lr_albedo.uasset" 308
"../../../../../Unreal Projects/one_plus_one/Content/Geometry/Meshes/0stGrade/Fruits/apple04_lr/apple04_lr.uasset" 309
"../../../../../Unreal Projects/one_plus_one/Content/Geometry/Meshes/0stGrade/Fruits/apple04_lr/veggies_apple04_lr.uasset" 310
"../../../../../Unreal Projects/one_plus_one/Content/Geometry/Meshes/0stGrade/Fruits/veggies_apple04_lr.uasset" 311
"../../../../../Unreal Projects/one_plus_one/Content/Geometry/Meshes/0stGrade/Fruits/apple05_lr/apple05_lr_normals.uasset" 312
"../../../../../Unreal Projects/one_plus_one/Content/Geometry/Meshes/0stGrade/Fruits/apple05_lr/apple05_lr_albedo.uasset" 313
"../../../../../Unreal Projects/one_plus_one/Content/Geometry/Meshes/0stGrade/Fruits/apple05_lr/apple05_lr.uasset" 314
"../../../../../Unreal Projects/one_plus_one/Content/Geometry/Meshes/0stGrade/Fruits/apple05_lr/veggies_apple05_lr.uasset" 315
"../../../../../Unreal Projects/one_plus_one/Content/Geometry/Meshes/0stGrade/Fruits/veggies_apple05_lr.uasset" 316
"../../../../../Unreal Projects/one_plus_one/Content/Geometry/Meshes/0stGrade/Fruits/apple06_lr/apple06_lr_normals.uasset" 317
"../../../../../Unreal Projects/one_plus_one/Content/Geometry/Meshes/0stGrade/Fruits/apple06_lr/apple06_lr_albedo.uasset" 318
"../../../../../Unreal Projects/one_plus_one/Content/Geometry/Meshes/0stGrade/Fruits/apple06_lr/apple06_lr.uasset" 319
"../../../../../Unreal Projects/one_plus_one/Content/Geometry/Meshes/0stGrade/Fruits/apple06_lr/veggies_apple06_lr.uasset" 320
"../../../../../Unreal Projects/one_plus_one/Content/Geometry/Meshes/0stGrade/Fruits/veggies_apple06_lr.uasset" 321
"../../../../../Unreal Projects/one_plus_one/Content/Geometry/Meshes/0stGrade/Fruits/apple08_lr/apple08_lr_normals.uasset" 322
"../../../../../Unreal Projects/one_plus_one/Content/Geometry/Meshes/0stGrade/Fruits/apple08_lr/apple08_lr_albedo.uasset" 323
"../../../../../Unreal Projects/one_plus_one/Content/Geometry/Meshes/0stGrade/Fruits/apple08_lr/apple08_lr.uasset" 324
"../../../../../Unreal Projects/one_plus_one/Content/Geometry/Meshes/0stGrade/Fruits/apple08_lr/veggies_apple08_lr.uasset" 325
"../../../../../Unreal Projects/one_plus_one/Content/Geometry/Meshes/0stGrade/Fruits/veggies_apple08_lr.uasset" 326
"../../../../../Unreal Projects/one_plus_one/Content/Geometry/Meshes/0stGrade/Fruits/apple09_lr/apple09_lr_normals.uasset" 327
"../../../../../Unreal Projects/one_plus_one/Content/Geometry/Meshes/0stGrade/Fruits/apple09_lr/apple09_lr_albedo.uasset" 328
"../../../../../Unreal Projects/one_plus_one/Content/Geometry/Meshes/0stGrade/Fruits/apple09_lr/apple09_lr.uasset" 329
"../../../../../Unreal Projects/one_plus_one/Content/Geometry/Meshes/0stGrade/Fruits/apple09_lr/veggies_apple09_lr.uasset" 330
"../../../../../Unreal Projects/one_plus_one/Content/Geometry/Meshes/0stGrade/Fruits/veggies_apple09_lr.uasset" 331
"../../../../../Unreal Projects/one_plus_one/Content/Geometry/Meshes/0stGrade/Fruits/apple10_lr/apple10_lr_normals.uasset" 332
"../../../../../Unreal Projects/one_plus_one/Content/Geometry/Meshes/0stGrade/Fruits/apple10_lr/apple10_lr_albedo.uasset" 333
"../../../../../Unreal Projects/one_plus_one/Content/Geometry/Meshes/0stGrade/Fruits/apple10_lr/apple10_lr.uasset" 334
"../../../../../Unreal Projects/one_plus_one/Content/Geometry/Meshes/0stGrade/Fruits/apple10_lr/veggies_apple10_lr.uasset" 335
"../../../../../Unreal Projects/one_plus_one/Content/Geometry/Meshes/0stGrade/Fruits/veggies_apple10_lr.uasset" 336
"../../../../../Unreal Projects/one_plus_one/Content/Geometry/Meshes/0stGrade/Fruits/apple11_lr/apple11_lr_normals.uasset" 337
"../../../../../Unreal Projects/one_plus_one/Content/Geometry/Meshes/0stGrade/Fruits/apple11_lr/apple11_lr_albedo.uasset" 338
"../../../../../Unreal Projects/one_plus_one/Content/Geometry/Meshes/0stGrade/Fruits/apple11_lr/apple11_lr.uasset" 339
"../../../../../Unreal Projects/one_plus_one/Content/Geometry/Meshes/0stGrade/Fruits/apple11_lr/veggies_apple11_lr.uasset" 340
"../../../../../Unreal Projects/one_plus_one/Content/Geometry/Meshes/0stGrade/Fruits/veggies_apple11_lr.uasset" 341
"../../../../../Unreal Projects/one_plus_one/Content/Geometry/Meshes/0stGrade/Fruits/banana01_lr/banana01_lr_normals.uasset" 342
"../../../../../Unreal Projects/one_plus_one/Content/Geometry/Meshes/0stGrade/Fruits/banana01_lr/banana01_lr_albedo.uasset" 343
"../../../../../Unreal Projects/one_plus_one/Content/Geometry/Meshes/0stGrade/Fruits/banana01_lr/banana01_lr.uasset" 344
"../../../../../Unreal Projects/one_plus_one/Content/Geometry/Meshes/0stGrade/Fruits/banana01_lr/veggies_banana01_lr.uasset" 345
"../../../../../Unreal Projects/one_plus_one/Content/Geometry/Meshes/0stGrade/Fruits/veggies_banana01_lr.uasset" 346
"../../../../../Unreal Projects/one_plus_one/Content/Geometry/Meshes/0stGrade/Fruits/banana02_lr/banana02_lr_normals.uasset" 347
"../../../../../Unreal Projects/one_plus_one/Content/Geometry/Meshes/0stGrade/Fruits/banana02_lr/banana02_lr_albedo.uasset" 348
"../../../../../Unreal Projects/one_plus_one/Content/Geometry/Meshes/0stGrade/Fruits/banana02_lr/banana02_lr.uasset" 349
"../../../../../Unreal Projects/one_plus_one/Content/Geometry/Meshes/0stGrade/Fruits/banana02_lr/veggies_banana02_lr.uasset" 350
"../../../../../Unreal Projects/one_plus_one/Content/Geometry/Meshes/0stGrade/Fruits/veggies_banana02_lr.uasset" 351
"../../../../../Unreal Projects/one_plus_one/Content/Geometry/Meshes/0stGrade/Fruits/banana03_lr/banana03_lr_normals.uasset" 352
"../../../../../Unreal Projects/one_plus_one/Content/Geometry/Meshes/0stGrade/Fruits/banana03_lr/banana03_lr_albedo.uasset" 353
"../../../../../Unreal Projects/one_plus_one/Content/Geometry/Meshes/0stGrade/Fruits/banana03_lr/banana03_lr.uasset" 354
"../../../../../Unreal Projects/one_plus_one/Content/Geometry/Meshes/0stGrade/Fruits/banana03_lr/veggies_banana03_lr.uasset" 355
"../../../../../Unreal Projects/one_plus_one/Content/Geometry/Meshes/0stGrade/Fruits/veggies_banana03_lr.uasset" 356
"../../../../../Unreal Projects/one_plus_one/Content/Geometry/Meshes/0stGrade/Fruits/banana04_lr/banana04_lr_normals.uasset" 357
"../../../../../Unreal Projects/one_plus_one/Content/Geometry/Meshes/0stGrade/Fruits/banana04_lr/banana04_lr_albedo.uasset" 358
"../../../../../Unreal Projects/one_plus_one/Content/Geometry/Meshes/0stGrade/Fruits/banana04_lr/banana04_lr.uasset" 359
"../../../../../Unreal Projects/one_plus_one/Content/Geometry/Meshes/0stGrade/Fruits/banana04_lr/veggies_banana04_lr.uasset" 360
"../../../../../Unreal Projects/one_plus_one/Content/Geometry/Meshes/0stGrade/Fruits/veggies_banana04_lr.uasset" 361
"../../../../../Unreal Projects/one_plus_one/Content/Geometry/Meshes/0stGrade/Fruits/banana05_lr/banana05_lr_normals.uasset" 362
"../../../../../Unreal Projects/one_plus_one/Content/Geometry/Meshes/0stGrade/Fruits/banana05_lr/banana05_lr_albedo.uasset" 363
"../../../../../Unreal Projects/one_plus_one/Content/Geometry/Meshes/0stGrade/Fruits/banana05_lr/banana05_lr.uasset" 364
"../../../../../Unreal Projects/one_plus_one/Content/Geometry/Meshes/0stGrade/Fruits/banana05_lr/veggies_banana05_lr.uasset" 365
"../../../../../Unreal Projects/one_plus_one/Content/Geometry/Meshes/0stGrade/Fruits/veggies_banana05_lr.uasset" 366
"../../../../../Unreal Projects/one_plus_one/Content/Geometry/Meshes/0stGrade/Fruits/banana06_lr/banana06_lr_normals.uasset" 367
"../../../../../Unreal Projects/one_plus_one/Content/Geometry/Meshes/0stGrade/Fruits/banana06_lr/banana06_lr_albedo.uasset" 368
"../../../../../Unreal Projects/one_plus_one/Content/Geometry/Meshes/0stGrade/Fruits/banana06_lr/banana06_lr.uasset" 369
"../../../../../Unreal Projects/one_plus_one/Content/Geometry/Meshes/0stGrade/Fruits/banana06_lr/veggies_banana06_lr.uasset" 370
"../../../../../Unreal Projects/one_plus_one/Content/Geometry/Meshes/0stGrade/Fruits/veggies_banana06_lr.uasset" 371
"../../../../../Unreal Projects/one_plus_one/Content/Geometry/Meshes/0stGrade/Fruits/banana07_lr/banana07_lr_normals.uasset" 372
"../../../../../Unreal Projects/one_plus_one/Content/Geometry/Meshes/0stGrade/Fruits/banana07_lr/banana07_lr_albedo.uasset" 373
"../../../../../Unreal Projects/one_plus_one/Content/Geometry/Meshes/0stGrade/Fruits/banana07_lr/banana07_lr.uasset" 374
"../../../../../Unreal Projects/one_plus_one/Content/Geometry/Meshes/0stGrade/Fruits/banana07_lr/veggies_banana07_lr.uasset" 375
"../../../../../Unreal Projects/one_plus_one/Content/Geometry/Meshes/0stGrade/Fruits/veggies_banana07_lr.uasset" 376
"../../../../../Unreal Projects/one_plus_one/Content/Geometry/Meshes/0stGrade/Fruits/banana09_lr/banana09_lr_normals.uasset" 377
"../../../../../Unreal Projects/one_plus_one/Content/Geometry/Meshes/0stGrade/Fruits/banana09_lr/banana09_lr_albedo.uasset" 378
"../../../../../Unreal Projects/one_plus_one/Content/Geometry/Meshes/0stGrade/Fruits/banana09_lr/banana09_lr.uasset" 379
"../../../../../Unreal Projects/one_plus_one/Content/Geometry/Meshes/0stGrade/Fruits/banana09_lr/veggies_banana09_lr.uasset" 380
"../../../../../Unreal Projects/one_plus_one/Content/Geometry/Meshes/0stGrade/Fruits/veggies_banana09_lr.uasset" 381
"../../../../../Unreal Projects/one_plus_one/Content/Geometry/Meshes/0stGrade/Fruits/banana10_lr/banana10_lr_normals.uasset" 382
"../../../../../Unreal Projects/one_plus_one/Content/Geometry/Meshes/0stGrade/Fruits/banana10_lr/banana10_lr_albedo.uasset" 383
"../../../../../Unreal Projects/one_plus_one/Content/Geometry/Meshes/0stGrade/Fruits/banana10_lr/banana10_lr.uasset" 384
"../../../../../Unreal Projects/one_plus_one/Content/Geometry/Meshes/0stGrade/Fruits/banana10_lr/veggies_banana10_lr.uasset" 385
"../../../../../Unreal Projects/one_plus_one/Content/Geometry/Meshes/0stGrade/Fruits/veggies_banana10_lr.uasset" 386
"../../../../../Unreal Projects/one_plus_one/Content/Geometry/Meshes/0stGrade/Fruits/banana12_lr/banana12_lr_normals.uasset" 387
"../../../../../Unreal Projects/one_plus_one/Content/Geometry/Meshes/0stGrade/Fruits/banana12_lr/banana12_lr_albedo.uasset" 388
"../../../../../Unreal Projects/one_plus_one/Content/Geometry/Meshes/0stGrade/Fruits/banana12_lr/banana12_lr.uasset" 389
"../../../../../Unreal Projects/one_plus_one/Content/Geometry/Meshes/0stGrade/Fruits/banana12_lr/veggies_banana12_lr.uasset" 390
"../../../../../Unreal Projects/one_plus_one/Content/Geometry/Meshes/0stGrade/Fruits/veggies_banana12_lr.uasset" 391
"../../../../../Unreal Projects/one_plus_one/Content/Geometry/Meshes/0stGrade/Fruits/pear01_lr/pear01_lr_normals.uasset" 392
"../../../../../Unreal Projects/one_plus_one/Content/Geometry/Meshes/0stGrade/Fruits/pear01_lr/pear01_lr_albedo.uasset" 393
"../../../../../Unreal Projects/one_plus_one/Content/Geometry/Meshes/0stGrade/Fruits/pear01_lr/pear01_lr.uasset" 394
"../../../../../Unreal Projects/one_plus_one/Content/Geometry/Meshes/0stGrade/Fruits/pear01_lr/veggies_pear01_lr.uasset" 395
"../../../../../Unreal Projects/one_plus_one/Content/Geometry/Meshes/0stGrade/Fruits/veggies_pear01_lr.uasset" 396
"../../../../../Unreal Projects/one_plus_one/Content/Geometry/Meshes/0stGrade/Fruits/pear02_lr/pear02_lr_normals.uasset" 397
"../../../../../Unreal Projects/one_plus_one/Content/Geometry/Meshes/0stGrade/Fruits/pear02_lr/pear02_lr_albedo.uasset" 398
"../../../../../Unreal Projects/one_plus_one/Content/Geometry/Meshes/0stGrade/Fruits/pear02_lr/pear02_lr.uasset" 399
"../../../../../Unreal Projects/one_plus_one/Content/Geometry/Meshes/0stGrade/Fruits/pear02_lr/veggies_pear02_lr.uasset" 400
"../../../../../Unreal Projects/one_plus_one/Content/Geometry/Meshes/0stGrade/Fruits/veggies_pear02_lr.uasset" 401
"../../../../../Unreal Projects/one_plus_one/Content/Geometry/Meshes/0stGrade/Fruits/pear03_lr/pear03_lr_normals.uasset" 402
"../../../../../Unreal Projects/one_plus_one/Content/Geometry/Meshes/0stGrade/Fruits/pear03_lr/pear03_lr_albedo.uasset" 403
"../../../../../Unreal Projects/one_plus_one/Content/Geometry/Meshes/0stGrade/Fruits/pear03_lr/pear03_lr.uasset" 404
"../../../../../Unreal Projects/one_plus_one/Content/Geometry/Meshes/0stGrade/Fruits/pear03_lr/veggies_pear03_lr.uasset" 405
"../../../../../Unreal Projects/one_plus_one/Content/Geometry/Meshes/0stGrade/Fruits/veggies_pear03_lr.uasset" 406
"../../../../../Unreal Projects/one_plus_one/Content/Geometry/Meshes/0stGrade/Fruits/pear04_lr/pear04_lr_normals.uasset" 407
"../../../../../Unreal Projects/one_plus_one/Content/Geometry/Meshes/0stGrade/Fruits/pear04_lr/pear04_lr_albedo.uasset" 408
"../../../../../Unreal Projects/one_plus_one/Content/Geometry/Meshes/0stGrade/Fruits/pear04_lr/pear04_lr.uasset" 409
"../../../../../Unreal Projects/one_plus_one/Content/Geometry/Meshes/0stGrade/Fruits/pear04_lr/veggies_pear04_lr.uasset" 410
"../../../../../Unreal Projects/one_plus_one/Content/Geometry/Meshes/0stGrade/Fruits/veggies_pear04_lr.uasset" 411
"../../../../../Unreal Projects/one_plus_one/Content/MSPresets/MSTextures/Albedo.uasset" 412
"../../../../../Unreal Projects/one_plus_one/Content/MSPresets/MSTextures/AlbedoVT.uasset" 413
"../../../../../Unreal Projects/one_plus_one/Content/MSPresets/MSTextures/AO.uasset" 414
"../../../../../Unreal Projects/one_plus_one/Content/MSPresets/MSTextures/Displacement.uasset" 415
"../../../../../Unreal Projects/one_plus_one/Content/MSPresets/MSTextures/Metalness.uasset" 416
"../../../../../Unreal Projects/one_plus_one/Content/MSPresets/MSTextures/MetalnessVT.uasset" 417
"../../../../../Unreal Projects/one_plus_one/Content/MSPresets/MSTextures/noise_mask.uasset" 418
"../../../../../Unreal Projects/one_plus_one/Content/MSPresets/MSTextures/noise_normal.uasset" 419
"../../../../../Unreal Projects/one_plus_one/Content/MSPresets/MSTextures/Normal.uasset" 420
"../../../../../Unreal Projects/one_plus_one/Content/MSPresets/MSTextures/NormalVT.uasset" 421
"../../../../../Unreal Projects/one_plus_one/Content/MSPresets/MSTextures/Roughness.uasset" 422
"../../../../../Unreal Projects/one_plus_one/Content/MSPresets/MSTextures/RoughnessVT.uasset" 423
"../../Plugins/2D/Paper2D/Content/PlaceholderTextures/FlatNormalMap.uasset" 424
"../../../Engine/Content/EngineResources/Black.uasset" 425
"../../../Engine/Content/EngineMaterials/DefaultNormal.uasset" 426
"../../../Engine/Content/EngineMaterials/DefaultDiffuse.uasset" 427
"../../../Engine/Content/ArtTools/RenderToTexture/Textures/127grey.uasset" 428
"../../../../../Unreal Projects/one_plus_one/Content/MSPresets/MS_DefaultMaterial/Functions/MF_Transmission.uasset" 429
"../../../Engine/Content/Functions/Engine_MaterialFunctions02/Texturing/CustomRotator.uasset" 430
"../../../../../Unreal Projects/one_plus_one/Content/MSPresets/MS_DefaultMaterial/Functions/MF_Tiling.uasset" 431
"../../../Engine/Content/Functions/Engine_MaterialFunctions02/Utility/BlendAngleCorrectedNormals.uasset" 432
"../../../../../Unreal Projects/one_plus_one/Content/MSPresets/MS_DefaultMaterial/Functions/MF_MapAdjustments.uasset" 433
"../../../../../Unreal Projects/one_plus_one/Content/MSPresets/MS_DefaultMaterial/Functions/MF_DetailNormalTiling.uasset" 434
"../../../../../Unreal Projects/one_plus_one/Content/MSPresets/MS_DefaultMaterial/MS_DefaultMaterial.uasset" 435
"../../../../../Unreal Projects/one_plus_one/Content/MSPresets/MS_DefaultMaterial/Functions/MF_Displacement.uasset" 436
"../../../../../Unreal Projects/one_plus_one/Content/MSPresets/MS_DefaultMaterial/Functions/MF_Fuzz.uasset" 437
"../../../Engine/Content/Functions/Engine_MaterialFunctions01/Opacity/CameraDepthFade.uasset" 438
"../../../Engine/Content/EngineMaterials/T_Default_Material_Grid_N.uasset" 439
"../../../Engine/Content/EngineMaterials/T_Default_Material_Grid_M.uasset" 440
"../../../Engine/Content/EngineMaterials/WorldGridMaterial.uasset" 441
"../../../Engine/Content/ArtTools/RenderToTexture/Meshes/S_1_Unit_Plane.uasset" 442
"../../../Engine/Content/EngineMaterials/DefaultMaterial.uasset" 443
"../../../Engine/Content/BasicShapes/Cone.uasset" 444
"../../../Engine/Content/BasicShapes/Plane.uasset" 445
"../../../Engine/Content/BasicShapes/Sphere.uasset" 446
"../../../Engine/Content/EditorLandscapeResources/DataLayer.uasset" 447
"../../../Engine/Content/EditorLandscapeResources/DefaultAlphaTexture.uasset" 448
"../../../Engine/Content/EditorMaterials/MAT_Groups_Toggle.uasset" 449
"../../../Engine/Content/EditorMaterials/MAT_Groups_Visibility.uasset" 450
"../../../Engine/Content/EditorMaterials/PreviewShadowIndicator.uasset" 451
"../../../Engine/Content/EditorMaterials/PreviewShadowIndicatorMaterial.uasset" 452
"../../../Engine/Content/EditorMaterials/AssetViewer/EpicQuadPanorama_CC+EV1.uasset" 453
"../../../Engine/Content/EditorMaterials/MatineeGroups/MAT_ColorTrack.uasset" 454
"../../../Engine/Content/EditorMaterials/MatineeGroups/MAT_Groups_Anim.uasset" 455
"../../../Engine/Content/EditorMaterials/MatineeGroups/MAT_Groups_AudioMaster.uasset" 456
"../../../Engine/Content/EditorMaterials/MatineeGroups/MAT_Groups_Director.uasset" 457
"../../../Engine/Content/EditorMaterials/MatineeGroups/MAT_Groups_Event.uasset" 458
"../../../Engine/Content/EditorMaterials/MatineeGroups/MAT_Groups_Fade.uasset" 459
"../../../Engine/Content/EditorMaterials/MatineeGroups/MAT_Groups_Float.uasset" 460
"../../../Engine/Content/EditorMaterials/MatineeGroups/MAT_Groups_Move.uasset" 461
"../../../Engine/Content/EditorMaterials/MatineeGroups/MAT_Groups_Slomo.uasset" 462
"../../../Engine/Content/EditorMaterials/MatineeGroups/MAT_Groups_Sound.uasset" 463
"../../../Engine/Content/EditorMaterials/MatineeGroups/MAT_Groups_Vector.uasset" 464
"../../../Engine/Content/EditorMaterials/ParticleSystems/PSysThumbnail_NoImage.uasset" 465
"../../../Engine/Content/EditorMaterials/ParticleSystems/PSysThumbnail_OOD.uasset" 466
"../../../Engine/Content/EditorMaterials/Camera/CineMat.uasset" 467
"../../../Engine/Content/EditorMaterials/Camera/MI_CineMat_Rig.uasset" 468
"../../../Engine/Content/EditorMeshes/Camera/SM_CraneRig_Arm.uasset" 469
"../../../Engine/Content/EditorMeshes/Camera/SM_CraneRig_Base.uasset" 470
"../../../Engine/Content/EditorMeshes/Camera/SM_CraneRig_Body.uasset" 471
"../../../Engine/Content/EditorMeshes/Camera/SM_CraneRig_Mount.uasset" 472
"../../../Engine/Content/EditorMeshes/Camera/SM_RailRig_Mount.uasset" 473
"../../../Engine/Content/EditorMeshes/Camera/SM_RailRig_Track.uasset" 474
"../../../Engine/Content/EditorResources/BSPVertex.uasset" 475
"../../../Engine/Content/EditorResources/EmptyActor.uasset" 476
"../../../Engine/Content/EditorResources/S_Actor.uasset" 477
"../../../Engine/Content/EditorResources/S_Note.uasset" 478
"../../../Engine/Content/EditorResources/S_Solver.uasset" 479
"../../../Engine/Content/EditorResources/S_Terrain.uasset" 480
"../../../Engine/Content/EditorResources/S_Trigger.uasset" 481
"../../../Engine/Content/EditorResources/SequenceRecorder/Countdown.uasset" 482
"../../../Engine/Content/EditorResources/SequenceRecorder/RecordingIndicator.uasset" 483
"../../../Engine/Content/EngineDamageTypes/DmgTypeBP_Environmental.uasset" 484
"../../../Engine/Content/EngineDebugMaterials/DebugEditorMaterial.uasset" 485
"../../../Engine/Content/EngineDebugMaterials/DebugMeshMaterial.uasset" 486
"../../../Engine/Content/EngineDebugMaterials/M_SimpleUnlitTranslucent.uasset" 487
"../../../Engine/Content/EngineDebugMaterials/VolumeToRender.uasset" 488
"../../../Engine/Content/Functions/Engine_MaterialFunctions02/Utility/CameraDirectionVector.uasset" 489
"../../../Engine/Content/EngineDebugMaterials/M_VolumeRenderSphereTracePP.uasset" 490
"../../../Engine/Content/Functions/Engine_MaterialFunctions01/Shading/ConvertFromDiffSpec.uasset" 491
"../../../Engine/Content/EngineDebugMaterials/VertexColorMaterial.uasset" 492
"../../../Engine/Content/EngineDebugMaterials/WireframeMaterial.uasset" 493
"../../../Engine/Content/EngineFonts/Faces/RobotoRegular.uasset" 494
"../../../Engine/Content/EngineFonts/Faces/RobotoLight.uasset" 495
"../../../Engine/Content/EngineFonts/Faces/RobotoItalic.uasset" 496
"../../../Engine/Content/EngineFonts/Faces/RobotoBoldItalic.uasset" 497
"../../../Engine/Content/EngineFonts/Faces/RobotoBold.uasset" 498
"../../../Engine/Content/EngineFonts/Faces/DroidSansFallback.uasset" 499
"../../../Engine/Content/EngineFonts/Roboto.uasset" 500
"../../../Engine/Content/EngineMaterials/BaseFlattenNormalMap.uasset" 501
"../../../Engine/Content/EngineMaterials/BaseFlattenGrayscaleMap.uasset" 502
"../../../Engine/Content/EngineMaterials/BaseFlattenEmissiveMap.uasset" 503
"../../../Engine/Content/EngineMaterials/BaseFlattenDiffuseMap.uasset" 504
"../../../Engine/Content/EngineMaterials/BaseFlattenMaterial.uasset" 505
"../../../Engine/Content/EngineMaterials/BlueNoise.uasset" 506
"../../../Engine/Content/EngineMaterials/DefaultBloomKernel.uasset" 507
"../../../Engine/Content/EngineMaterials/DefaultBokeh.uasset" 508
"../../../Engine/Content/EngineMaterials/DefaultDeferredDecalMaterial.uasset" 509
"../../../Engine/Content/EngineMaterials/DefaultLightFunctionMaterial.uasset" 510
"../../../Engine/Content/EngineMaterials/DefaultPhysicalMaterial.uasset" 511
"../../../Engine/Content/Functions/Engine_MaterialFunctions02/Utility/BreakOutFloat2Components.uasset" 512
"../../../Engine/Content/EngineMaterials/DefaultPostProcessMaterial.uasset" 513
"../../../Engine/Content/EngineFonts/RobotoDistanceField.uasset" 514
"../../../Engine/Content/EngineMaterials/DefaultTextMaterialOpaque.uasset" 515
"../../../Engine/Content/EngineMaterials/DefaultWhiteGrid.uasset" 516
"../../../Engine/Content/EngineMaterials/DefaultWhiteGrid_Low.uasset" 517
"../../../Engine/Content/EngineMaterials/EmissiveMeshMaterial.uasset" 518
"../../../Engine/Content/EngineMaterials/GizmoMaterial.uasset" 519
"../../../Engine/Content/EngineMaterials/Good64x64TilingNoiseHighFreq.uasset" 520
"../../../Engine/Content/EngineMaterials/MiniFont.uasset" 521
"../../../Engine/Content/EngineMaterials/InvalidLightmapSettings.uasset" 522
"../../../Engine/Content/EngineMaterials/M_InvalidLightmapSettings.uasset" 523
"../../../Engine/Content/Functions/Engine_MaterialFunctions02/WorldPositionOffset/CameraOffset.uasset" 524
"../../../Engine/Content/EngineMaterials/PhAT_JointLimitMaterial.uasset" 525
"../../../Engine/Content/EngineMaterials/PreintegratedSkinBRDF.uasset" 526
"../../../Engine/Content/EngineMaterials/RemoveSurfaceMaterial.uasset" 527
"../../../Engine/Content/EngineMaterials/WeightMapPlaceholderTexture.uasset" 528
"../../../Engine/Content/EngineResources/WhiteSquareTexture.uasset" 529
"../../../Engine/Content/EngineMaterials/Widget3DPassThrough.uasset" 530
"../../../Engine/Content/EngineMaterials/Widget3DPassThrough_Masked.uasset" 531
"../../../Engine/Content/EngineMaterials/Widget3DPassThrough_Opaque.uasset" 532
"../../../Engine/Content/EngineMaterials/Widget3DPassThrough_Masked_OneSided.uasset" 533
"../../../Engine/Content/EngineMaterials/Widget3DPassThrough_Opaque_OneSided.uasset" 534
"../../../Engine/Content/EngineMaterials/Widget3DPassThrough_Translucent.uasset" 535
"../../../Engine/Content/EngineMaterials/Widget3DPassThrough_Translucent_OneSided.uasset" 536
"../../../Engine/Content/EngineMeshes/Cylinder.uasset" 537
"../../../Engine/Content/EngineMeshes/Sphere.uasset" 538
"../../../Engine/Content/EngineResources/DefaultTextureCube.uasset" 539
"../../../Engine/Content/EngineResources/DefaultVolumeTexture2D.uasset" 540
"../../../Engine/Content/EngineResources/DefaultVolumeTexture.uasset" 541
"../../../Engine/Content/EngineResources/GradientTexture0.uasset" 542
"../../../Engine/Content/EngineSky/VolumetricClouds/T_NoiseShape64.uasset" 543
"../../../Engine/Content/EngineSky/VolumetricClouds/T_VolumeNoiseShape64.uasset" 544
"../../../Engine/Content/EngineSky/VolumetricClouds/T_NoiseErosion.uasset" 545
"../../../Engine/Content/EngineSky/VolumetricClouds/T_VolumeNoiseErosion32.uasset" 546
"../../../Engine/Content/EngineSky/VolumetricClouds/CloudWeatherTexture.uasset" 547
"../../../Engine/Content/EngineSky/VolumetricClouds/CloudGradientTexture.uasset" 548
"../../../Engine/Content/Functions/Engine_MaterialFunctions02/Utility/MakeFloat2.uasset" 549
"../../../Engine/Content/EngineSky/VolumetricClouds/m_SimpleVolumetricCloud.uasset" 550
"../../../Engine/Content/EngineSky/VolumetricClouds/m_SimpleVolumetricCloud_Inst.uasset" 551
"../../../Engine/Content/EngineSounds/Master.uasset" 552
"../../../Engine/Content/Functions/Engine_MaterialFunctions01/Shading/PowerToRoughness.uasset" 553
"../../../Engine/Content/Maps/Templates/Thumbnails/Default.uasset" 554
"../../../Engine/Content/Maps/Templates/Thumbnails/TimeOfDay.uasset" 555
"../../../Engine/Content/Maps/Templates/Thumbnails/VR-Basic.uasset" 556
"../../../Engine/Content/MobileResources/T_MobileControls_texture.uasset" 557
"../../../Engine/Content/MobileResources/T_MobileMenu2.uasset" 558
"../../../Engine/Content/MobileResources/HUD/AnalogHat.uasset" 559
"../../../Engine/Content/MobileResources/HUD/VirtualJoystick_Thumb.uasset" 560
"../../../Engine/Content/MobileResources/HUD/VirtualJoystick_Background.uasset" 561
"../../../Engine/Content/MobileResources/HUD/DefaultVirtualJoysticks.uasset" 562
"../../../Engine/Content/MobileResources/HUD/LeftVirtualJoystickOnly.uasset" 563
"../../../Engine/Content/MobileResources/HUD/MobileHUDButton1_off.uasset" 564
"../../../Engine/Content/MobileResources/HUD/MobileHUDButton1_on.uasset" 565
"../../../Engine/Content/MobileResources/HUD/MobileHUDButton2_off.uasset" 566
"../../../Engine/Content/MobileResources/HUD/MobileHUDButton2_on.uasset" 567
"../../../Engine/Content/MobileResources/HUD/MobileHUDButton3.uasset" 568
"../../../Engine/Content/MobileResources/HUD/MobileHUDButtonFire.uasset" 569
"../../../Engine/Content/MobileResources/HUD/MobileHUDDirectionPad.uasset" 570
"../../../Engine/Content/MobileResources/HUD/MobileHUDDirectionPad2.uasset" 571
"../../../Engine/Content/MobileResources/HUD/MobileHUDDirectionPad3.uasset" 572
"../../../Engine/Content/MobileResources/HUD/MobileHUDDirectionStick.uasset" 573
"../../../Engine/Content/MobileResources/HUD/T_Castle_ThumbstickInner.uasset" 574
"../../../Engine/Content/MobileResources/HUD/T_Castle_ThumbstickOutter.uasset" 575
"../../../Engine/Content/Tutorial/ContentIntroCurve.uasset" 576
"../../../Engine/Content/Tutorial/Basics/LevelEditorAttract.uasset" 577
"../../../Engine/Content/Tutorial/Installation/InstallingVisualStudioTutorial.uasset" 578
"../../../Engine/Content/VREditor/TransformGizmo/TranslucentTransformGizmoMaterial.uasset" 579
"../../../Engine/Content/VREditor/LaserPointer/VR_LaserPower_01.uasset" 580
"../../../Engine/Content/VREditor/TransformGizmo/TransformGizmoMaterial.uasset" 581
"../../../Engine/Content/VREditor/TransformGizmo/BoundingBoxCorner.uasset" 582
"../../../Engine/Content/VREditor/TransformGizmo/BoundingBoxEdge.uasset" 583
"../../../Engine/Content/VREditor/TransformGizmo/PlaneTranslationHandle.uasset" 584
"../../../Engine/Content/VREditor/TransformGizmo/Xray.uasset" 585
"../../../Engine/Content/VREditor/TransformGizmo/Main.uasset" 586
"../../../Engine/Content/VREditor/TransformGizmo/SM_Sequencer_Key.uasset" 587
"../../../Engine/Content/VREditor/TransformGizmo/SM_Sequencer_Node.uasset" 588
"../../Plugins/2D/Paper2D/Content/PlaceholderTextures/DummySpriteTexture.uasset" 589
"../../Plugins/2D/Paper2D/Content/DummySprite.uasset" 590
"../../Plugins/2D/Paper2D/Content/DefaultPaperTerrainMaterial.uasset" 591
"../../Plugins/2D/Paper2D/Content/DefaultSpriteMaterial.uasset" 592
"../../Plugins/2D/Paper2D/Content/MaskedUnlitSpriteMaterial.uasset" 593
"../../Plugins/2D/Paper2D/Content/OpaqueUnlitSpriteMaterial.uasset" 594
"../../../Engine/Content/Functions/Engine_MaterialFunctions02/Utility/BreakOutFloat3Components.uasset" 595
"../../Plugins/Editor/SpeedTreeImporter/Content/SpeedTree9/UnpackInteger3.uasset" 596
"../../Plugins/Editor/SpeedTreeImporter/Content/SpeedTree9/UnpackDirection.uasset" 597
"../../Plugins/Editor/SpeedTreeImporter/Content/SpeedTree9/game_wind_noise.uasset" 598
"../../../Engine/Content/Functions/Engine_MaterialFunctions02/SafeNormalize.uasset" 599
"../../Plugins/Editor/SpeedTreeImporter/Content/SpeedTree9/SpeedTreeWindMotion.uasset" 600
"../../Plugins/Editor/SpeedTreeImporter/Content/SpeedTree9/SpeedTreeBranchMotion.uasset" 601
"../../../Engine/Content/Functions/Engine_MaterialFunctions02/ObjectLocalBounds.uasset" 602
"../../../Engine/Content/Functions/Engine_MaterialFunctions02/UVs/BoundingBoxBased_0-1_UVW.uasset" 603
"../../Plugins/Editor/SpeedTreeImporter/Content/SpeedTree9/SpeedTreeWind.uasset" 604
"../../Plugins/Editor/SpeedTreeImporter/Content/SpeedTree9/SpeedTreeBillboard.uasset" 605
"../../../Engine/Content/EngineResources/DefaultTexture.uasset" 606
"../../Plugins/Editor/SpeedTreeImporter/Content/SpeedTree9/SpeedTreeBillboardMaster.uasset" 607
"../../Plugins/Editor/SpeedTreeImporter/Content/SpeedTree9/SpeedTreeCameraFacing.uasset" 608
"../../Plugins/Editor/SpeedTreeImporter/Content/SpeedTree9/SpeedTreeMaster.uasset" 609
"../../../Engine/Content/BasicShapes/Cylinder.uasset" 610
"../../../Engine/Content/ArtTools/RenderToTexture/Materials/Debug/M_Emissive_Color.uasset" 611
"../../Plugins/Lumin/MagicLeapPassableWorld/Content/MagicLeapARPinInfoActor.uasset" 612
"../../Plugins/Runtime/HairStrands/Content/Materials/HairCardsDefaultMaterial.uasset" 613
"../../../Engine/Content/EngineMaterials/HairDebugColor.uasset" 614
"../../../Engine/Content/EngineMaterials/HairColorMap.uasset" 615
"../../../Engine/Content/Functions/Engine_MaterialFunctions02/Utility/MakeFloat3.uasset" 616
"../../Plugins/Runtime/HairStrands/Content/Materials/HairDebugMaterial.uasset" 617
"../../Plugins/Runtime/HairStrands/Content/Materials/HairDefaultMaterial.uasset" 618
"../../Plugins/Runtime/HairStrands/Content/Materials/HairMeshesDefaultMaterial.uasset" 619
"../../../Engine/Content/Functions/Engine_MaterialFunctions02/Utility/BreakOutFloat4Components.uasset" 620
"../../Plugins/Runtime/Oculus/OculusVR/Content/Materials/OculusMR_ChromaKey.uasset" 621
"../../Plugins/Runtime/Oculus/OculusVR/Content/Materials/OculusMR_OpaqueColoredMaterial.uasset" 622
"../../Plugins/Runtime/Oculus/OculusVR/Content/Materials/PokeAHoleMaterial.uasset" 623
"../../../Engine/Content/EngineSky/T_Sky_Stars.uasset" 624
"../../../Engine/Content/EngineSky/T_Sky_Clouds_M.uasset" 625
"../../../Engine/Content/EngineSky/T_Sky_Blue.uasset" 626
"../../../Engine/Content/BasicShapes/Cube.uasset" 627
"../../../Engine/Content/EngineSky/M_Sky_Panning_Clouds2.uasset" 628
"../../../Engine/Content/BasicShapes/BasicShapeMaterial.uasset" 629
"../../../../../Unreal Projects/one_plus_one/Content/FirstPersonBP/Maps/FirstPersonExampleMap_BuiltData.uasset" 630
"../../../../../Unreal Projects/one_plus_one/Content/Geometry/Meshes/1thGrade/01_Table/Round_Stand.uasset" 631
"../../../../../Unreal Projects/one_plus_one/Content/FirstPersonBP/Blueprints/Components/BPC_Tech_level.uasset" 632
"../../../../../Unreal Projects/one_plus_one/Content/Geometry/Meshes/1thGrade/01_Table/BP_Round_Stand.uasset" 633
"../../../Engine/Content/EngineSky/SM_SkySphere.uasset" 634
"../../../Engine/Content/EngineSky/C_Sky_Zenith_Color.uasset" 635
"../../../Engine/Content/EngineSky/C_Sky_Horizon_Color.uasset" 636
"../../../Engine/Content/EngineSky/C_Sky_Cloud_Color.uasset" 637
"../../../Engine/Content/EditorBlueprintResources/StandardMacros.uasset" 638
"../../../Engine/Content/EngineSky/BP_Sky_Sphere.uasset" 639
"../../../../../Unreal Projects/one_plus_one/Content/Geometry/Meshes/1thGrade/BP_1st_grade_spawn_point.uasset" 640
"../../../../../Unreal Projects/one_plus_one/Content/Geometry/Meshes/0stGrade/Fruits/67_pomegranate/BP_veggies_67_pomegranate.uasset" 641
"../../../../../Unreal Projects/one_plus_one/Content/Geometry/Meshes/0stGrade/Fruits/66_pumpkin/BP_veggies_66_pumpkin.uasset" 642
"../../../../../Unreal Projects/one_plus_one/Content/Geometry/Meshes/0stGrade/Fruits/65_pumpkin/BP_veggies_65_pumpkin.uasset" 643
"../../../../../Unreal Projects/one_plus_one/Content/Geometry/Meshes/0stGrade/Fruits/64_pineapple/BP_veggies_64_pineapple.uasset" 644
"../../../../../Unreal Projects/one_plus_one/Content/Geometry/Meshes/0stGrade/Fruits/63_pineapple/BP_veggies_63_pineapple.uasset" 645
"../../../../../Unreal Projects/one_plus_one/Content/Geometry/Meshes/0stGrade/Fruits/61_kohlrabi/BP_veggies_61_kohlrabi.uasset" 646
"../../../../../Unreal Projects/one_plus_one/Content/Geometry/Meshes/0stGrade/Fruits/60_pumpkin/BP_veggies_60_pumpkin.uasset" 647
"../../../../../Unreal Projects/one_plus_one/Content/Geometry/Meshes/0stGrade/Fruits/59_hokaido_pumpkin/BP_veggies_59_hokaido_pumpkin.uasset" 648
"../../../../../Unreal Projects/one_plus_one/Content/Geometry/Meshes/0stGrade/Fruits/58_orange/BP_veggies_58_orange.uasset" 649
"../../../../../Unreal Projects/one_plus_one/Content/Geometry/Meshes/0stGrade/Fruits/56_pineapple/BP_veggies_56_pineapple.uasset" 650
"../../../../../Unreal Projects/one_plus_one/Content/Geometry/Meshes/0stGrade/Fruits/54_kiwano/BP_veggies_54_kiwano.uasset" 651
"../../../../../Unreal Projects/one_plus_one/Content/Geometry/Meshes/0stGrade/Fruits/53_potato/BP_veggies_53_potato.uasset" 652
"../../../../../Unreal Projects/one_plus_one/Content/Geometry/Meshes/0stGrade/Fruits/52_pumpkin/BP_veggies_52_pumpkin.uasset" 653
"../../../../../Unreal Projects/one_plus_one/Content/Geometry/Meshes/0stGrade/Fruits/51_pomegranate/BP_veggies_51_pomegranate.uasset" 654
"../../../../../Unreal Projects/one_plus_one/Content/Geometry/Meshes/0stGrade/Fruits/50_cabbage/BP_veggies_50_cabbage.uasset" 655
"../../../../../Unreal Projects/one_plus_one/Content/Geometry/Meshes/0stGrade/Fruits/49_broccoli/BP_veggies_49_broccoli.uasset" 656
"../../../../../Unreal Projects/one_plus_one/Content/Geometry/Meshes/0stGrade/Fruits/48_parsnip/BP_veggies_48_parsnip.uasset" 657
"../../../../../Unreal Projects/one_plus_one/Content/Geometry/Meshes/0stGrade/Fruits/47_kiwano/BP_veggies_47_kiwano.uasset" 658
"../../../../../Unreal Projects/one_plus_one/Content/Geometry/Meshes/0stGrade/Fruits/46_melon/BP_veggies_46_melon.uasset" 659
"../../../../../Unreal Projects/one_plus_one/Content/Geometry/Meshes/0stGrade/Fruits/45_radish/BP_veggies_45_radish.uasset" 660
"../../../../../Unreal Projects/one_plus_one/Content/Geometry/Meshes/0stGrade/Fruits/44_mango/BP_veggies_44_mango.uasset" 661
"../../../../../Unreal Projects/one_plus_one/Content/Geometry/Meshes/0stGrade/Fruits/43_kiwi/BP_veggies_43_kiwi.uasset" 662
"../../../../../Unreal Projects/one_plus_one/Content/Geometry/Meshes/0stGrade/Fruits/42_potato/BP_veggies_42_potato.uasset" 663
"../../../../../Unreal Projects/one_plus_one/Content/Geometry/Meshes/0stGrade/Fruits/41_papaya/BP_veggies_41_papaya.uasset" 664
"../../../../../Unreal Projects/one_plus_one/Content/Geometry/Meshes/0stGrade/Fruits/40_kiwano/BP_veggies_40_kiwano.uasset" 665
"../../../../../Unreal Projects/one_plus_one/Content/Geometry/Meshes/0stGrade/Fruits/39_grapefruit/BP_veggies_39_grapefruit.uasset" 666
"../../../../../Unreal Projects/one_plus_one/Content/Geometry/Meshes/0stGrade/Fruits/38_garlic/BP_veggies_38_garlic.uasset" 667
"../../../../../Unreal Projects/one_plus_one/Content/Geometry/Meshes/0stGrade/Fruits/37_garlic/BP_veggies_37_garlic.uasset" 668
"../../../../../Unreal Projects/one_plus_one/Content/Geometry/Meshes/0stGrade/Fruits/36_pineapple/BP_veggies_36_pineapple.uasset" 669
"../../../../../Unreal Projects/one_plus_one/Content/Geometry/Meshes/0stGrade/Fruits/35_garlic/BP_veggies_35_garlic.uasset" 670
"../../../../../Unreal Projects/one_plus_one/Content/Geometry/Meshes/0stGrade/Fruits/34_yellow_sugar_melon/BP_veggies_34_yellow_sugar_melon.uasset" 671
"../../../../../Unreal Projects/one_plus_one/Content/Geometry/Meshes/0stGrade/Fruits/33_mandarin/BP_veggies_33_mandarin.uasset" 672
"../../../../../Unreal Projects/one_plus_one/Content/Geometry/Meshes/0stGrade/Fruits/32_pineapple/BP_veggies_32_pineapple.uasset" 673
"../../../../../Unreal Projects/one_plus_one/Content/Geometry/Meshes/0stGrade/Fruits/31_pepper/BP_veggies_31_pepper.uasset" 674
"../../../../../Unreal Projects/one_plus_one/Content/Geometry/Meshes/0stGrade/Fruits/30_sweet_dumpling/BP_veggies_30_sweet_dumpling.uasset" 675
"../../../../../Unreal Projects/one_plus_one/Content/Geometry/Meshes/0stGrade/Fruits/29_celery/BP_veggies_29_celery.uasset" 676
"../../../../../Unreal Projects/one_plus_one/Content/Geometry/Meshes/0stGrade/Fruits/28_potato/BP_veggies_28_potato.uasset" 677
"../../../../../Unreal Projects/one_plus_one/Content/Geometry/Meshes/0stGrade/Fruits/27_lemon/BP_veggies_27_lemon.uasset" 678
"../../../../../Unreal Projects/one_plus_one/Content/Geometry/Meshes/0stGrade/Fruits/26_mango/BP_veggies_26_mango.uasset" 679
"../../../../../Unreal Projects/one_plus_one/Content/Geometry/Meshes/0stGrade/Fruits/25_grapes/BP_veggies_25_grapes.uasset" 680
"../../../../../Unreal Projects/one_plus_one/Content/Geometry/Meshes/0stGrade/Fruits/24_pomegranate/BP_veggies_24_pomegranate.uasset" 681
"../../../../../Unreal Projects/one_plus_one/Content/Geometry/Meshes/0stGrade/Fruits/23_pomegranate/BP_veggies_23_pomegranate.uasset" 682
"../../../../../Unreal Projects/one_plus_one/Content/Geometry/Meshes/0stGrade/Fruits/22_beetroot/BP_veggies_22_beetroot.uasset" 683
"../../../../../Unreal Projects/one_plus_one/Content/Geometry/Meshes/0stGrade/Fruits/21_napa_cabbage/BP_veggies_21_napa_cabbage.uasset" 684
"../../../../../Unreal Projects/one_plus_one/Content/Geometry/Meshes/0stGrade/Fruits/19_onion/19_onion_normals.uasset" 685
"../../../../../Unreal Projects/one_plus_one/Content/Geometry/Meshes/0stGrade/Fruits/19_onion/19_onion_albedo.uasset" 686
"../../../../../Unreal Projects/one_plus_one/Content/Geometry/Meshes/0stGrade/Fruits/19_onion/19_onion.uasset" 687
"../../../../../Unreal Projects/one_plus_one/Content/Geometry/Meshes/0stGrade/Fruits/19_onion/veggies_19_onion.uasset" 688
"../../../../../Unreal Projects/one_plus_one/Content/Geometry/Meshes/0stGrade/Fruits/19_onion/BP_veggies_19_onion.uasset" 689
"../../../../../Unreal Projects/one_plus_one/Content/Geometry/Meshes/0stGrade/Fruits/18_kiwi/18_kiwi_normals.uasset" 690
"../../../../../Unreal Projects/one_plus_one/Content/Geometry/Meshes/0stGrade/Fruits/18_kiwi/18_kiwi_albedo.uasset" 691
"../../../../../Unreal Projects/one_plus_one/Content/Geometry/Meshes/0stGrade/Fruits/18_kiwi/18_kiwi.uasset" 692
"../../../../../Unreal Projects/one_plus_one/Content/Geometry/Meshes/0stGrade/Fruits/18_kiwi/veggies_18_kiwi.uasset" 693
"../../../../../Unreal Projects/one_plus_one/Content/Geometry/Meshes/0stGrade/Fruits/18_kiwi/BP_veggies_18_kiwi.uasset" 694
"../../../../../Unreal Projects/one_plus_one/Content/Geometry/Meshes/0stGrade/Fruits/17_heirloom_tomato/17_heirloom_tomato_normals.uasset" 695
"../../../../../Unreal Projects/one_plus_one/Content/Geometry/Meshes/0stGrade/Fruits/17_heirloom_tomato/17_heirloom_tomato_albedo.uasset" 696
"../../../../../Unreal Projects/one_plus_one/Content/Geometry/Meshes/0stGrade/Fruits/17_heirloom_tomato/17_heirloom_tomato.uasset" 697
"../../../../../Unreal Projects/one_plus_one/Content/Geometry/Meshes/0stGrade/Fruits/17_heirloom_tomato/veggies_17_heirloom_tomato.uasset" 698
"../../../../../Unreal Projects/one_plus_one/Content/Geometry/Meshes/0stGrade/Fruits/17_heirloom_tomato/BP_veggies_17_heirloom_tomato.uasset" 699
"../../../../../Unreal Projects/one_plus_one/Content/Geometry/Meshes/0stGrade/Fruits/15_artichoke/15_artichoke_normals.uasset" 700
"../../../../../Unreal Projects/one_plus_one/Content/Geometry/Meshes/0stGrade/Fruits/15_artichoke/15_artichoke_albedo.uasset" 701
"../../../../../Unreal Projects/one_plus_one/Content/Geometry/Meshes/0stGrade/Fruits/15_artichoke/15_artichoke.uasset" 702
"../../../../../Unreal Projects/one_plus_one/Content/Geometry/Meshes/0stGrade/Fruits/15_artichoke/veggies_15_artichoke.uasset" 703
"../../../../../Unreal Projects/one_plus_one/Content/Geometry/Meshes/0stGrade/Fruits/15_artichoke/BP_veggies_15_artichoke.uasset" 704
"../../../../../Unreal Projects/one_plus_one/Content/Geometry/Meshes/0stGrade/Fruits/14_gourd/14_gourd_normals.uasset" 705
"../../../../../Unreal Projects/one_plus_one/Content/Geometry/Meshes/0stGrade/Fruits/14_gourd/14_gourd_albedo.uasset" 706
"../../../../../Unreal Projects/one_plus_one/Content/Geometry/Meshes/0stGrade/Fruits/14_gourd/14_gourd.uasset" 707
"../../../../../Unreal Projects/one_plus_one/Content/Geometry/Meshes/0stGrade/Fruits/14_gourd/veggies_14_gourd.uasset" 708
"../../../../../Unreal Projects/one_plus_one/Content/Geometry/Meshes/0stGrade/Fruits/14_gourd/BP_veggies_14_gourd.uasset" 709
"../../../../../Unreal Projects/one_plus_one/Content/Geometry/Meshes/0stGrade/Fruits/13_fennel/13_fennel_normals.uasset" 710
"../../../../../Unreal Projects/one_plus_one/Content/Geometry/Meshes/0stGrade/Fruits/13_fennel/13_fennel_albedo.uasset" 711
"../../../../../Unreal Projects/one_plus_one/Content/Geometry/Meshes/0stGrade/Fruits/13_fennel/13_fennel.uasset" 712
"../../../../../Unreal Projects/one_plus_one/Content/Geometry/Meshes/0stGrade/Fruits/13_fennel/veggies_13_fennel.uasset" 713
"../../../../../Unreal Projects/one_plus_one/Content/Geometry/Meshes/0stGrade/Fruits/13_fennel/BP_veggies_13_fennel.uasset" 714
"../../../../../Unreal Projects/one_plus_one/Content/Geometry/Meshes/0stGrade/Fruits/12_potato/12_potato_normals.uasset" 715
"../../../../../Unreal Projects/one_plus_one/Content/Geometry/Meshes/0stGrade/Fruits/12_potato/12_potato_albedo.uasset" 716
"../../../../../Unreal Projects/one_plus_one/Content/Geometry/Meshes/0stGrade/Fruits/12_potato/12_potato.uasset" 717
"../../../../../Unreal Projects/one_plus_one/Content/Geometry/Meshes/0stGrade/Fruits/12_potato/veggies_12_potato.uasset" 718
"../../../../../Unreal Projects/one_plus_one/Content/Geometry/Meshes/0stGrade/Fruits/12_potato/BP_veggies_12_potato.uasset" 719
"../../../../../Unreal Projects/one_plus_one/Content/Geometry/Meshes/0stGrade/Fruits/11_lemon/11_lemon_normals.uasset" 720
"../../../../../Unreal Projects/one_plus_one/Content/Geometry/Meshes/0stGrade/Fruits/11_lemon/11_lemon_albedo.uasset" 721
"../../../../../Unreal Projects/one_plus_one/Content/Geometry/Meshes/0stGrade/Fruits/11_lemon/11_lemon.uasset" 722
"../../../../../Unreal Projects/one_plus_one/Content/Geometry/Meshes/0stGrade/Fruits/11_lemon/veggies_11_lemon.uasset" 723
"../../../../../Unreal Projects/one_plus_one/Content/Geometry/Meshes/0stGrade/Fruits/11_lemon/BP_veggies_11_lemon.uasset" 724
"../../../../../Unreal Projects/one_plus_one/Content/Geometry/Meshes/0stGrade/Fruits/10_zucchini/10_zucchini_normals.uasset" 725
"../../../../../Unreal Projects/one_plus_one/Content/Geometry/Meshes/0stGrade/Fruits/10_zucchini/10_zucchini_albedo.uasset" 726
"../../../../../Unreal Projects/one_plus_one/Content/Geometry/Meshes/0stGrade/Fruits/10_zucchini/10_zucchini.uasset" 727
"../../../../../Unreal Projects/one_plus_one/Content/Geometry/Meshes/0stGrade/Fruits/10_zucchini/veggies_10_zucchini.uasset" 728
"../../../../../Unreal Projects/one_plus_one/Content/Geometry/Meshes/0stGrade/Fruits/10_zucchini/BP_veggies_10_zucchini.uasset" 729
"../../../../../Unreal Projects/one_plus_one/Content/Geometry/Meshes/0stGrade/Fruits/09_pepper/09_pepper_normals.uasset" 730
"../../../../../Unreal Projects/one_plus_one/Content/Geometry/Meshes/0stGrade/Fruits/09_pepper/09_pepper_albedo.uasset" 731
"../../../../../Unreal Projects/one_plus_one/Content/Geometry/Meshes/0stGrade/Fruits/09_pepper/09_pepper.uasset" 732
"../../../../../Unreal Projects/one_plus_one/Content/Geometry/Meshes/0stGrade/Fruits/09_pepper/veggies_09_pepper.uasset" 733
"../../../../../Unreal Projects/one_plus_one/Content/Geometry/Meshes/0stGrade/Fruits/09_pepper/BP_veggies_09_pepper.uasset" 734
"../../../../../Unreal Projects/one_plus_one/Content/Geometry/Meshes/0stGrade/Fruits/08_orange/08_orange_normals.uasset" 735
"../../../../../Unreal Projects/one_plus_one/Content/Geometry/Meshes/0stGrade/Fruits/08_orange/08_orange_albedo.uasset" 736
"../../../../../Unreal Projects/one_plus_one/Content/Geometry/Meshes/0stGrade/Fruits/08_orange/08_orange.uasset" 737
"../../../../../Unreal Projects/one_plus_one/Content/Geometry/Meshes/0stGrade/Fruits/08_orange/veggies_08_orange.uasset" 738
"../../../../../Unreal Projects/one_plus_one/Content/Geometry/Meshes/0stGrade/Fruits/08_orange/BP_veggies_08_orange.uasset" 739
"../../../../../Unreal Projects/one_plus_one/Content/Geometry/Meshes/0stGrade/Fruits/07_carrot/07_carrot_normals.uasset" 740
"../../../../../Unreal Projects/one_plus_one/Content/Geometry/Meshes/0stGrade/Fruits/07_carrot/07_carrot_albedo.uasset" 741
"../../../../../Unreal Projects/one_plus_one/Content/Geometry/Meshes/0stGrade/Fruits/07_carrot/07_carrot.uasset" 742
"../../../../../Unreal Projects/one_plus_one/Content/Geometry/Meshes/0stGrade/Fruits/07_carrot/veggies_07_carrot.uasset" 743
"../../../../../Unreal Projects/one_plus_one/Content/Geometry/Meshes/0stGrade/Fruits/07_carrot/BP_veggies_07_carrot.uasset" 744
"../../../../../Unreal Projects/one_plus_one/Content/Geometry/Meshes/0stGrade/Fruits/06_custard_apple/06_custard_apple_normals.uasset" 745
"../../../../../Unreal Projects/one_plus_one/Content/Geometry/Meshes/0stGrade/Fruits/06_custard_apple/06_custard_apple_albedo.uasset" 746
"../../../../../Unreal Projects/one_plus_one/Content/Geometry/Meshes/0stGrade/Fruits/06_custard_apple/06_custard_apple.uasset" 747
"../../../../../Unreal Projects/one_plus_one/Content/Geometry/Meshes/0stGrade/Fruits/06_custard_apple/veggies_06_custard_apple.uasset" 748
"../../../../../Unreal Projects/one_plus_one/Content/Geometry/Meshes/0stGrade/Fruits/06_custard_apple/BP_veggies_06_custard_apple.uasset" 749
"../../../../../Unreal Projects/one_plus_one/Content/Geometry/Meshes/0stGrade/Fruits/05_turnip/05_turnip_normals.uasset" 750
"../../../../../Unreal Projects/one_plus_one/Content/Geometry/Meshes/0stGrade/Fruits/05_turnip/05_turnip_albedo.uasset" 751
"../../../../../Unreal Projects/one_plus_one/Content/Geometry/Meshes/0stGrade/Fruits/05_turnip/05_turnip.uasset" 752
"../../../../../Unreal Projects/one_plus_one/Content/Geometry/Meshes/0stGrade/Fruits/05_turnip/veggies_05_turnip.uasset" 753
"../../../../../Unreal Projects/one_plus_one/Content/Geometry/Meshes/0stGrade/Fruits/05_turnip/BP_veggies_05_turnip.uasset" 754
"../../../../../Unreal Projects/one_plus_one/Content/Geometry/Meshes/0stGrade/Fruits/04_lemon/04_lemon_normals.uasset" 755
"../../../../../Unreal Projects/one_plus_one/Content/Geometry/Meshes/0stGrade/Fruits/04_lemon/04_lemon_albedo.uasset" 756
"../../../../../Unreal Projects/one_plus_one/Content/Geometry/Meshes/0stGrade/Fruits/04_lemon/04_lemon.uasset" 757
"../../../../../Unreal Projects/one_plus_one/Content/Geometry/Meshes/0stGrade/Fruits/04_lemon/veggies_04_lemon.uasset" 758
"../../../../../Unreal Projects/one_plus_one/Content/Geometry/Meshes/0stGrade/Fruits/04_lemon/BP_veggies_04_lemon.uasset" 759
"../../../../../Unreal Projects/one_plus_one/Content/Geometry/Meshes/0stGrade/Fruits/03_avocado/03_avocado_normals.uasset" 760
"../../../../../Unreal Projects/one_plus_one/Content/Geometry/Meshes/0stGrade/Fruits/03_avocado/03_avocado_albedo.uasset" 761
"../../../../../Unreal Projects/one_plus_one/Content/Geometry/Meshes/0stGrade/Fruits/03_avocado/03_avocado.uasset" 762
"../../../../../Unreal Projects/one_plus_one/Content/Geometry/Meshes/0stGrade/Fruits/03_avocado/veggies_03_avocado.uasset" 763
"../../../../../Unreal Projects/one_plus_one/Content/Geometry/Meshes/0stGrade/Fruits/03_avocado/BP_veggies_03_avocado.uasset" 764
"../../../../../Unreal Projects/one_plus_one/Content/Geometry/Meshes/0stGrade/Fruits/02_potato/02_potato_normals.uasset" 765
"../../../../../Unreal Projects/one_plus_one/Content/Geometry/Meshes/0stGrade/Fruits/02_potato/02_potato_albedo.uasset" 766
"../../../../../Unreal Projects/one_plus_one/Content/Geometry/Meshes/0stGrade/Fruits/02_potato/02_potato.uasset" 767
"../../../../../Unreal Projects/one_plus_one/Content/Geometry/Meshes/0stGrade/Fruits/02_potato/veggies_02_potato.uasset" 768
"../../../../../Unreal Projects/one_plus_one/Content/Geometry/Meshes/0stGrade/Fruits/02_potato/BP_veggies_02_potato.uasset" 769
"../../../../../Unreal Projects/one_plus_one/Content/Geometry/Meshes/0stGrade/Fruits/01_mango/01_mango_normals.uasset" 770
"../../../../../Unreal Projects/one_plus_one/Content/Geometry/Meshes/0stGrade/Fruits/01_mango/01_mango_albedo.uasset" 771
"../../../../../Unreal Projects/one_plus_one/Content/Geometry/Meshes/0stGrade/Fruits/01_mango/01_mango.uasset" 772
"../../../../../Unreal Projects/one_plus_one/Content/Geometry/Meshes/0stGrade/Fruits/01_mango/veggies_01_mango.uasset" 773
"../../../../../Unreal Projects/one_plus_one/Content/Geometry/Meshes/0stGrade/Fruits/01_mango/BP_veggies_01_mango.uasset" 774
"../../../../../Unreal Projects/one_plus_one/Content/Geometry/Meshes/0stGrade/Fruits/20_orange/20_orange_normals.uasset" 775
"../../../../../Unreal Projects/one_plus_one/Content/Geometry/Meshes/0stGrade/Fruits/20_orange/20_orange_albedo.uasset" 776
"../../../../../Unreal Projects/one_plus_one/Content/Geometry/Meshes/0stGrade/Fruits/20_orange/20_orange.uasset" 777
"../../../../../Unreal Projects/one_plus_one/Content/Geometry/Meshes/0stGrade/Fruits/20_orange/veggies_20_orange.uasset" 778
"../../../../../Unreal Projects/one_plus_one/Content/Geometry/Meshes/0stGrade/Fruits/20_orange/BP_veggies_20_orange.uasset" 779
"../../../../../Unreal Projects/one_plus_one/Content/UI/Menu/icons/WindowedMode.uasset" 780
"../../../../../Unreal Projects/one_plus_one/Content/UI/Menu/icons/WindowedFullscreenMode.uasset" 781
"../../../../../Unreal Projects/one_plus_one/Content/UI/Menu/icons/VH.uasset" 782
"../../../../../Unreal Projects/one_plus_one/Content/UI/Menu/icons/VE.uasset" 783
"../../../../../Unreal Projects/one_plus_one/Content/UI/Menu/icons/sun.uasset" 784
"../../../../../Unreal Projects/one_plus_one/Content/UI/Menu/icons/steam-1.uasset" 785
"../../../../../Unreal Projects/one_plus_one/Content/UI/Menu/icons/scale_2400.uasset" 786
"../../../../../Unreal Projects/one_plus_one/Content/UI/Menu/icons/Restore.uasset" 787
"../../../../../Unreal Projects/one_plus_one/Content/UI/Menu/icons/Resolution.uasset" 788
"../../../../../Unreal Projects/one_plus_one/Content/UI/Menu/icons/play-1_1s-800px.uasset" 789
"../../../../../Unreal Projects/one_plus_one/Content/UI/Menu/icons/Pixelization_AA.uasset" 790
"../../../../../Unreal Projects/one_plus_one/Content/UI/Menu/icons/Pixelization.uasset" 791
"../../../../../Unreal Projects/one_plus_one/Content/UI/Menu/icons/N.uasset" 792
"../../../../../Unreal Projects/one_plus_one/Content/UI/Menu/icons/MouseSpeed.uasset" 793
"../../../../../Unreal Projects/one_plus_one/Content/UI/Menu/icons/man-shadow-800px.uasset" 794
"../../../../../Unreal Projects/one_plus_one/Content/UI/Menu/icons/Ki-fi.uasset" 795
"../../../../../Unreal Projects/one_plus_one/Content/UI/Menu/icons/H.uasset" 796
"../../../../../Unreal Projects/one_plus_one/Content/UI/Menu/icons/gear-1_1s-800px.uasset" 797
"../../../../../Unreal Projects/one_plus_one/Content/UI/Menu/icons/FullscreenMode.uasset" 798
"../../../../../Unreal Projects/one_plus_one/Content/UI/Menu/icons/FOV.uasset" 799
"../../../../../Unreal Projects/one_plus_one/Content/UI/Menu/icons/Explosive.uasset" 800
"../../../../../Unreal Projects/one_plus_one/Content/UI/Menu/icons/exit-icon.uasset" 801
"../../../../../Unreal Projects/one_plus_one/Content/UI/Menu/icons/E.uasset" 802
"../../../../../Unreal Projects/one_plus_one/Content/UI/Menu/icons/distance.uasset" 803
"../../../../../Unreal Projects/one_plus_one/Content/UI/Menu/icons/Custom_d.uasset" 804
"../../../../../Unreal Projects/one_plus_one/Content/UI/Menu/icons/clipart2847989.uasset" 805
"../../../../../Unreal Projects/one_plus_one/Content/UI/Menu/icons/circle.uasset" 806
"../../../../../Unreal Projects/one_plus_one/Content/UI/Menu/icons/back.uasset" 807
"../../../../../Unreal Projects/one_plus_one/Content/UI/Menu/icons/apple_2048_black.uasset" 808
"../../../../../Unreal Projects/one_plus_one/Content/UI/Menu/icons/android_2048_black.uasset" 809
"../../../../../Unreal Projects/one_plus_one/Content/UI/Menu/BP_save_settings.uasset" 810
"../../../../../Unreal Projects/one_plus_one/Content/FirstPersonBP/Blueprints/3Dwidget/BPC_rec_actor_TRT.uasset" 811
"../../../../../Unreal Projects/one_plus_one/Content/FirstPersonBP/Blueprints/3Dwidget/BPC_rec_actor_TRT_Mat.uasset" 812
"../../../../../Unreal Projects/one_plus_one/Content/UI/BPW/Icon/like_thumbs_up.uasset" 813
"../../../../../Unreal Projects/one_plus_one/Content/UI/BPW/Icon/like_thumbs_down.uasset" 814
"../../../../../Unreal Projects/one_plus_one/Content/UI/BPW_win_loose.uasset" 815
"../../../../../Unreal Projects/one_plus_one/Content/UI/Menu/BP_save_difficult_done.uasset" 816
"../../../../../Unreal Projects/one_plus_one/Content/Geometry/Meshes/0stGrade/Fruits/pear04_lr/BP_veggies_pear04_lr.uasset" 817
"../../../../../Unreal Projects/one_plus_one/Content/Geometry/Meshes/0stGrade/Fruits/pear03_lr/BP_veggies_pear03_lr.uasset" 818
"../../../../../Unreal Projects/one_plus_one/Content/Geometry/Meshes/0stGrade/Fruits/pear02_lr/BP_veggies_pear02_lr.uasset" 819
"../../../../../Unreal Projects/one_plus_one/Content/Geometry/Meshes/0stGrade/Fruits/pear01_lr/BP_veggies_pear01_lr.uasset" 820
"../../../../../Unreal Projects/one_plus_one/Content/Geometry/Meshes/0stGrade/Fruits/banana12_lr/BP_veggies_banana12_lr.uasset" 821
"../../../../../Unreal Projects/one_plus_one/Content/Geometry/Meshes/0stGrade/Fruits/banana10_lr/BP_veggies_banana10_lr.uasset" 822
"../../../../../Unreal Projects/one_plus_one/Content/Geometry/Meshes/0stGrade/Fruits/banana09_lr/BP_veggies_banana09_lr.uasset" 823
"../../../../../Unreal Projects/one_plus_one/Content/Geometry/Meshes/0stGrade/Fruits/banana07_lr/BP_veggies_banana07_lr.uasset" 824
"../../../../../Unreal Projects/one_plus_one/Content/Geometry/Meshes/0stGrade/Fruits/banana06_lr/BP_veggies_banana06_lr.uasset" 825
"../../../../../Unreal Projects/one_plus_one/Content/Geometry/Meshes/0stGrade/Fruits/banana05_lr/BP_veggies_banana05_lr.uasset" 826
"../../../../../Unreal Projects/one_plus_one/Content/Geometry/Meshes/0stGrade/Fruits/banana04_lr/BP_veggies_banana04_lr.uasset" 827
"../../../../../Unreal Projects/one_plus_one/Content/Geometry/Meshes/0stGrade/Fruits/banana03_lr/BP_veggies_banana03_lr.uasset" 828
"../../../../../Unreal Projects/one_plus_one/Content/Geometry/Meshes/0stGrade/Fruits/banana02_lr/BP_veggies_banana02_lr.uasset" 829
"../../../../../Unreal Projects/one_plus_one/Content/Geometry/Meshes/0stGrade/Fruits/banana01_lr/BP_veggies_banana01_lr.uasset" 830
"../../../../../Unreal Projects/one_plus_one/Content/Geometry/Meshes/0stGrade/Fruits/apple11_lr/BP_veggies_apple11_lr.uasset" 831
"../../../../../Unreal Projects/one_plus_one/Content/Geometry/Meshes/0stGrade/Fruits/apple10_lr/BP_veggies_apple10_lr.uasset" 832
"../../../../../Unreal Projects/one_plus_one/Content/Geometry/Meshes/0stGrade/Fruits/apple09_lr/BP_veggies_apple09_lr.uasset" 833
"../../../../../Unreal Projects/one_plus_one/Content/Geometry/Meshes/0stGrade/Fruits/apple08_lr/BP_veggies_apple08_lr.uasset" 834
"../../../../../Unreal Projects/one_plus_one/Content/Geometry/Meshes/0stGrade/Fruits/apple06_lr/BP_veggies_apple06_lr.uasset" 835
"../../../../../Unreal Projects/one_plus_one/Content/Geometry/Meshes/0stGrade/Fruits/apple05_lr/BP_veggies_apple05_lr.uasset" 836
"../../../../../Unreal Projects/one_plus_one/Content/Geometry/Meshes/0stGrade/Fruits/apple04_lr/BP_veggies_apple04_lr.uasset" 837
"../../../../../Unreal Projects/one_plus_one/Content/Geometry/Meshes/0stGrade/Fruits/apple03_lr/BP_veggies_apple03_lr.uasset" 838
"../../../../../Unreal Projects/one_plus_one/Content/Geometry/Meshes/0stGrade/Fruits/apple02_lr/BP_veggies_apple02_lr.uasset" 839
"../../../../../Unreal Projects/one_plus_one/Content/Geometry/Meshes/0stGrade/Fruits/apple01_lr/BP_veggies_apple01_lr.uasset" 840
"../../../../../Unreal Projects/one_plus_one/Content/Geometry/Meshes/0stGrade/Fruits/80_pineapple/BP_veggies_80_pineapple.uasset" 841
"../../../../../Unreal Projects/one_plus_one/Content/Geometry/Meshes/0stGrade/Fruits/79_pepper/BP_veggies_79_pepper.uasset" 842
"../../../../../Unreal Projects/one_plus_one/Content/Geometry/Meshes/0stGrade/Fruits/78_calabaza/BP_veggies_78_calabaza.uasset" 843
"../../../../../Unreal Projects/one_plus_one/Content/Geometry/Meshes/0stGrade/Fruits/77_turnip/BP_veggies_77_turnip.uasset" 844
"../../../../../Unreal Projects/one_plus_one/Content/Geometry/Meshes/0stGrade/Fruits/76_fig/BP_veggies_76_fig.uasset" 845
"../../../../../Unreal Projects/one_plus_one/Content/Geometry/Meshes/0stGrade/Fruits/75_radicchio/BP_veggies_75_radicchio.uasset" 846
"../../../../../Unreal Projects/one_plus_one/Content/Geometry/Meshes/0stGrade/Fruits/74_mandarine/BP_veggies_74_mandarine.uasset" 847
"../../../../../Unreal Projects/one_plus_one/Content/Geometry/Meshes/0stGrade/Fruits/73_strawberry/BP_veggies_73_strawberry.uasset" 848
"../../../../../Unreal Projects/one_plus_one/Content/Geometry/Meshes/0stGrade/Fruits/72_orange/BP_veggies_72_orange.uasset" 849
"../../../../../Unreal Projects/one_plus_one/Content/Geometry/Meshes/0stGrade/Fruits/71_peach/BP_veggies_71_peach.uasset" 850
"../../../../../Unreal Projects/one_plus_one/Content/Geometry/Meshes/0stGrade/Fruits/70_kiwano/BP_veggies_70_kiwano.uasset" 851
"../../../../../Unreal Projects/one_plus_one/Content/Geometry/Meshes/0stGrade/Fruits/69_broccoli/BP_veggies_69_broccoli.uasset" 852
"../../../../../Unreal Projects/one_plus_one/Content/Geometry/Meshes/0stGrade/Fruits/68_hokaido_pumpkin/BP_veggies_68_hokaido_pumpkin.uasset" 853
"../../../../../Unreal Projects/one_plus_one/Content/FirstPerson/Textures/Crosshair.uasset" 854
"../../../../../Unreal Projects/one_plus_one/Content/FirstPersonBP/Blueprints/FirstPersonHUD.uasset" 855
"../../../../../Unreal Projects/one_plus_one/Content/UI/Menu/317448__cornersting__poke1.uasset" 856
"../../../../../Unreal Projects/one_plus_one/Content/FirstPersonBP/Blueprints/3Dwidget/BPC_rec_actor.uasset" 857
"../../../../../Unreal Projects/one_plus_one/Content/FirstPersonBP/Blueprints/FirstPersonCharacter.uasset" 858
"../../../../../Unreal Projects/one_plus_one/Content/FirstPersonBP/Blueprints/FirstPersonGameMode.uasset" 859
"../../../../../Unreal Projects/one_plus_one/Content/UI/HUD_BPW.uasset" 860
"../../../../../Unreal Projects/one_plus_one/Content/UI/BPW_Menu.uasset" 861
"../../../../../Unreal Projects/one_plus_one/Content/FirstPersonBP/Maps/FirstPersonExampleMap.umap" 862
"../../../Engine/Content/Maps/Entry_BuiltData.uasset" 863
"../../../Engine/Content/Maps/Entry.umap" 864
